<?xml version="1.0" encoding="UTF-8"?>
<coverage generated="1537204424272" clover="3.2.0">
  <project timestamp="1537204424273" name="All files">
    <metrics statements="241" coveredstatements="82" conditionals="46" coveredconditionals="5" methods="91" coveredmethods="25" elements="378" coveredelements="112" complexity="0" loc="241" ncloc="241" packages="2" files="14" classes="14">
      <package name="goonies">
        <metrics statements="5" coveredstatements="5" conditionals="0" coveredconditionals="0" methods="0" coveredmethods="0"/>
        <file name="jestsetup.js" path="/Users/high-z/Desktop/HRR-33/goonies/jestsetup.js">
          <metrics statements="4" coveredstatements="4" conditionals="0" coveredconditionals="0" methods="0" coveredmethods="0"/>
          <line num="5" count="10" type="stmt"/>
          <line num="8" count="10" type="stmt"/>
          <line num="9" count="10" type="stmt"/>
          <line num="10" count="10" type="stmt"/>
        </file>
        <file name="myapikey.js" path="/Users/high-z/Desktop/HRR-33/goonies/myapikey.js">
          <metrics statements="1" coveredstatements="1" conditionals="0" coveredconditionals="0" methods="0" coveredmethods="0"/>
          <line num="1" count="2" type="stmt"/>
        </file>
      </package>
      <package name="goonies.client.source.components.presentational">
        <metrics statements="236" coveredstatements="77" conditionals="46" coveredconditionals="5" methods="91" coveredmethods="25"/>
        <file name="ExperienceEdit.jsx" path="/Users/high-z/Desktop/HRR-33/goonies/client/source/components/presentational/ExperienceEdit.jsx">
          <metrics statements="10" coveredstatements="1" conditionals="0" coveredconditionals="0" methods="5" coveredmethods="0"/>
          <line num="6" count="0" type="stmt"/>
          <line num="7" count="0" type="stmt"/>
          <line num="10" count="0" type="stmt"/>
          <line num="14" count="0" type="stmt"/>
          <line num="20" count="0" type="stmt"/>
          <line num="21" count="0" type="stmt"/>
          <line num="22" count="0" type="stmt"/>
          <line num="29" count="0" type="stmt"/>
          <line num="30" count="0" type="stmt"/>
          <line num="36" count="1" type="stmt"/>
        </file>
        <file name="ForecastForm.jsx" path="/Users/high-z/Desktop/HRR-33/goonies/client/source/components/presentational/ForecastForm.jsx">
          <metrics statements="40" coveredstatements="5" conditionals="14" coveredconditionals="0" methods="6" coveredmethods="2"/>
          <line num="7" count="2" type="stmt"/>
          <line num="8" count="2" type="stmt"/>
          <line num="23" count="0" type="stmt"/>
          <line num="24" count="0" type="cond" truecount="0" falsecount="2"/>
          <line num="25" count="0" type="stmt"/>
          <line num="26" count="0" type="stmt"/>
          <line num="27" count="0" type="stmt"/>
          <line num="32" count="0" type="stmt"/>
          <line num="34" count="0" type="stmt"/>
          <line num="35" count="0" type="stmt"/>
          <line num="36" count="0" type="stmt"/>
          <line num="37" count="0" type="stmt"/>
          <line num="38" count="0" type="cond" truecount="0" falsecount="2"/>
          <line num="39" count="0" type="stmt"/>
          <line num="40" count="0" type="cond" truecount="0" falsecount="2"/>
          <line num="41" count="0" type="stmt"/>
          <line num="44" count="0" type="stmt"/>
          <line num="52" count="0" type="stmt"/>
          <line num="53" count="0" type="stmt"/>
          <line num="54" count="0" type="stmt"/>
          <line num="55" count="0" type="stmt"/>
          <line num="56" count="0" type="stmt"/>
          <line num="57" count="0" type="cond" truecount="0" falsecount="2"/>
          <line num="58" count="0" type="stmt"/>
          <line num="59" count="0" type="cond" truecount="0" falsecount="2"/>
          <line num="60" count="0" type="stmt"/>
          <line num="63" count="0" type="stmt"/>
          <line num="71" count="0" type="stmt"/>
          <line num="72" count="0" type="stmt"/>
          <line num="73" count="0" type="stmt"/>
          <line num="74" count="0" type="stmt"/>
          <line num="75" count="0" type="stmt"/>
          <line num="76" count="0" type="cond" truecount="0" falsecount="2"/>
          <line num="77" count="0" type="stmt"/>
          <line num="78" count="0" type="cond" truecount="0" falsecount="2"/>
          <line num="79" count="0" type="stmt"/>
          <line num="82" count="0" type="stmt"/>
          <line num="101" count="2" type="stmt"/>
          <line num="102" count="2" type="stmt"/>
          <line num="166" count="2" type="stmt"/>
        </file>
        <file name="Login.jsx" path="/Users/high-z/Desktop/HRR-33/goonies/client/source/components/presentational/Login.jsx">
          <metrics statements="24" coveredstatements="10" conditionals="6" coveredconditionals="2" methods="7" coveredmethods="2"/>
          <line num="9" count="1" type="stmt"/>
          <line num="10" count="1" type="stmt"/>
          <line num="16" count="1" type="stmt"/>
          <line num="17" count="1" type="stmt"/>
          <line num="18" count="1" type="stmt"/>
          <line num="22" count="0" type="stmt"/>
          <line num="28" count="0" type="stmt"/>
          <line num="29" count="0" type="stmt"/>
          <line num="30" count="0" type="stmt"/>
          <line num="32" count="0" type="stmt"/>
          <line num="36" count="0" type="cond" truecount="0" falsecount="2"/>
          <line num="37" count="0" type="stmt"/>
          <line num="40" count="0" type="stmt"/>
          <line num="41" count="0" type="stmt"/>
          <line num="47" count="0" type="stmt"/>
          <line num="52" count="0" type="stmt"/>
          <line num="53" count="0" type="stmt"/>
          <line num="61" count="1" type="stmt"/>
          <line num="63" count="1" type="cond" truecount="1" falsecount="1"/>
          <line num="64" count="0" type="stmt"/>
          <line num="66" count="1" type="cond" truecount="1" falsecount="1"/>
          <line num="67" count="0" type="stmt"/>
          <line num="69" count="1" type="stmt"/>
          <line num="89" count="1" type="stmt"/>
        </file>
        <file name="MapYourRoute.jsx" path="/Users/high-z/Desktop/HRR-33/goonies/client/source/components/presentational/MapYourRoute.jsx">
          <metrics statements="2" coveredstatements="2" conditionals="0" coveredconditionals="0" methods="1" coveredmethods="1"/>
          <line num="4" count="1" type="stmt"/>
          <line num="5" count="1" type="stmt"/>
        </file>
        <file name="ParkInfo.jsx" path="/Users/high-z/Desktop/HRR-33/goonies/client/source/components/presentational/ParkInfo.jsx">
          <metrics statements="16" coveredstatements="10" conditionals="0" coveredconditionals="0" methods="12" coveredmethods="5"/>
          <line num="6" count="1" type="stmt"/>
          <line num="7" count="1" type="stmt"/>
          <line num="15" count="1" type="stmt"/>
          <line num="16" count="1" type="stmt"/>
          <line num="20" count="1" type="stmt"/>
          <line num="22" count="0" type="stmt"/>
          <line num="25" count="0" type="stmt"/>
          <line num="30" count="1" type="stmt"/>
          <line num="32" count="0" type="stmt"/>
          <line num="35" count="0" type="stmt"/>
          <line num="38" count="0" type="stmt"/>
          <line num="43" count="1" type="stmt"/>
          <line num="44" count="1" type="stmt"/>
          <line num="45" count="1" type="stmt"/>
          <line num="46" count="1" type="stmt"/>
          <line num="51" count="0" type="stmt"/>
        </file>
        <file name="Route.jsx" path="/Users/high-z/Desktop/HRR-33/goonies/client/source/components/presentational/Route.jsx">
          <metrics statements="7" coveredstatements="4" conditionals="0" coveredconditionals="0" methods="2" coveredmethods="1"/>
          <line num="4" count="1" type="stmt"/>
          <line num="5" count="1" type="stmt"/>
          <line num="15" count="1" type="stmt"/>
          <line num="16" count="0" type="stmt"/>
          <line num="18" count="0" type="stmt"/>
          <line num="24" count="0" type="stmt"/>
          <line num="46" count="1" type="stmt"/>
        </file>
        <file name="SignUp.jsx" path="/Users/high-z/Desktop/HRR-33/goonies/client/source/components/presentational/SignUp.jsx">
          <metrics statements="19" coveredstatements="8" conditionals="4" coveredconditionals="1" methods="6" coveredmethods="2"/>
          <line num="8" count="1" type="stmt"/>
          <line num="9" count="1" type="stmt"/>
          <line num="15" count="1" type="stmt"/>
          <line num="16" count="1" type="stmt"/>
          <line num="20" count="0" type="stmt"/>
          <line num="26" count="0" type="stmt"/>
          <line num="27" count="0" type="stmt"/>
          <line num="28" count="0" type="stmt"/>
          <line num="29" count="0" type="stmt"/>
          <line num="31" count="0" type="cond" truecount="0" falsecount="2"/>
          <line num="32" count="0" type="stmt"/>
          <line num="35" count="0" type="stmt"/>
          <line num="36" count="0" type="stmt"/>
          <line num="42" count="0" type="stmt"/>
          <line num="48" count="1" type="stmt"/>
          <line num="50" count="1" type="cond" truecount="1" falsecount="1"/>
          <line num="51" count="0" type="stmt"/>
          <line num="53" count="1" type="stmt"/>
          <line num="76" count="1" type="stmt"/>
        </file>
        <file name="Timer.jsx" path="/Users/high-z/Desktop/HRR-33/goonies/client/source/components/presentational/Timer.jsx">
          <metrics statements="25" coveredstatements="13" conditionals="0" coveredconditionals="0" methods="12" coveredmethods="4"/>
          <line num="5" count="1" type="stmt"/>
          <line num="6" count="1" type="stmt"/>
          <line num="12" count="1" type="stmt"/>
          <line num="13" count="1" type="stmt"/>
          <line num="14" count="1" type="stmt"/>
          <line num="15" count="1" type="stmt"/>
          <line num="16" count="1" type="stmt"/>
          <line num="17" count="1" type="stmt"/>
          <line num="18" count="1" type="stmt"/>
          <line num="22" count="0" type="stmt"/>
          <line num="28" count="0" type="stmt"/>
          <line num="37" count="0" type="stmt"/>
          <line num="41" count="0" type="stmt"/>
          <line num="42" count="0" type="stmt"/>
          <line num="43" count="0" type="stmt"/>
          <line num="50" count="0" type="stmt"/>
          <line num="51" count="0" type="stmt"/>
          <line num="57" count="0" type="stmt"/>
          <line num="58" count="0" type="stmt"/>
          <line num="59" count="0" type="stmt"/>
          <line num="63" count="1" type="stmt"/>
          <line num="65" count="4" type="stmt"/>
          <line num="71" count="1" type="stmt"/>
          <line num="73" count="1" type="stmt"/>
          <line num="93" count="0" type="stmt"/>
        </file>
        <file name="UserProfile.jsx" path="/Users/high-z/Desktop/HRR-33/goonies/client/source/components/presentational/UserProfile.jsx">
          <metrics statements="59" coveredstatements="13" conditionals="22" coveredconditionals="2" methods="23" coveredmethods="3"/>
          <line num="9" count="1" type="stmt"/>
          <line num="11" count="1" type="stmt"/>
          <line num="20" count="1" type="stmt"/>
          <line num="21" count="1" type="stmt"/>
          <line num="22" count="1" type="stmt"/>
          <line num="23" count="1" type="stmt"/>
          <line num="24" count="1" type="stmt"/>
          <line num="25" count="1" type="stmt"/>
          <line num="29" count="1" type="stmt"/>
          <line num="30" count="1" type="stmt"/>
          <line num="31" count="0" type="stmt"/>
          <line num="39" count="0" type="stmt"/>
          <line num="45" count="0" type="stmt"/>
          <line num="53" count="0" type="stmt"/>
          <line num="54" count="0" type="stmt"/>
          <line num="56" count="0" type="stmt"/>
          <line num="59" count="0" type="stmt"/>
          <line num="62" count="0" type="stmt"/>
          <line num="67" count="0" type="cond" truecount="0" falsecount="2"/>
          <line num="68" count="0" type="cond" truecount="0" falsecount="2"/>
          <line num="69" count="0" type="stmt"/>
          <line num="71" count="0" type="stmt"/>
          <line num="73" count="0" type="stmt"/>
          <line num="74" count="0" type="stmt"/>
          <line num="81" count="0" type="stmt"/>
          <line num="82" count="0" type="cond" truecount="0" falsecount="2"/>
          <line num="83" count="0" type="stmt"/>
          <line num="84" count="0" type="stmt"/>
          <line num="85" count="0" type="cond" truecount="0" falsecount="2"/>
          <line num="86" count="0" type="stmt"/>
          <line num="87" count="0" type="stmt"/>
          <line num="89" count="0" type="stmt"/>
          <line num="91" count="0" type="stmt"/>
          <line num="94" count="0" type="stmt"/>
          <line num="102" count="0" type="stmt"/>
          <line num="103" count="0" type="cond" truecount="0" falsecount="2"/>
          <line num="104" count="0" type="stmt"/>
          <line num="107" count="0" type="cond" truecount="0" falsecount="2"/>
          <line num="108" count="0" type="stmt"/>
          <line num="115" count="0" type="stmt"/>
          <line num="116" count="0" type="cond" truecount="0" falsecount="2"/>
          <line num="117" count="0" type="stmt"/>
          <line num="121" count="0" type="stmt"/>
          <line num="128" count="0" type="stmt"/>
          <line num="129" count="0" type="stmt"/>
          <line num="131" count="0" type="cond" truecount="0" falsecount="2"/>
          <line num="132" count="0" type="stmt"/>
          <line num="138" count="0" type="stmt"/>
          <line num="141" count="0" type="stmt"/>
          <line num="146" count="0" type="stmt"/>
          <line num="147" count="0" type="stmt"/>
          <line num="148" count="0" type="stmt"/>
          <line num="150" count="0" type="cond" truecount="0" falsecount="2"/>
          <line num="151" count="0" type="stmt"/>
          <line num="157" count="0" type="stmt"/>
          <line num="160" count="0" type="stmt"/>
          <line num="173" count="1" type="stmt"/>
          <line num="174" count="1" type="stmt"/>
          <line num="232" count="1" type="stmt"/>
        </file>
        <file name="UsernameEdit.jsx" path="/Users/high-z/Desktop/HRR-33/goonies/client/source/components/presentational/UsernameEdit.jsx">
          <metrics statements="10" coveredstatements="1" conditionals="0" coveredconditionals="0" methods="5" coveredmethods="0"/>
          <line num="6" count="0" type="stmt"/>
          <line num="7" count="0" type="stmt"/>
          <line num="10" count="0" type="stmt"/>
          <line num="14" count="0" type="stmt"/>
          <line num="20" count="0" type="stmt"/>
          <line num="21" count="0" type="stmt"/>
          <line num="22" count="0" type="stmt"/>
          <line num="25" count="0" type="stmt"/>
          <line num="26" count="0" type="stmt"/>
          <line num="32" count="1" type="stmt"/>
        </file>
        <file name="Weather.jsx" path="/Users/high-z/Desktop/HRR-33/goonies/client/source/components/presentational/Weather.jsx">
          <metrics statements="14" coveredstatements="8" conditionals="0" coveredconditionals="0" methods="9" coveredmethods="5"/>
          <line num="7" count="1" type="stmt"/>
          <line num="8" count="1" type="stmt"/>
          <line num="20" count="1" type="stmt"/>
          <line num="21" count="1" type="stmt"/>
          <line num="25" count="1" type="stmt"/>
          <line num="27" count="0" type="stmt"/>
          <line num="37" count="0" type="stmt"/>
          <line num="38" count="0" type="stmt"/>
          <line num="44" count="1" type="stmt"/>
          <line num="46" count="0" type="stmt"/>
          <line num="51" count="0" type="stmt"/>
          <line num="52" count="0" type="stmt"/>
          <line num="65" count="1" type="stmt"/>
          <line num="66" count="1" type="stmt"/>
        </file>
        <file name="renderMap.jsx" path="/Users/high-z/Desktop/HRR-33/goonies/client/source/components/presentational/renderMap.jsx">
          <metrics statements="10" coveredstatements="2" conditionals="0" coveredconditionals="0" methods="3" coveredmethods="0"/>
          <line num="9" count="2" type="stmt"/>
          <line num="15" count="0" type="stmt"/>
          <line num="16" count="0" type="stmt"/>
          <line num="21" count="0" type="stmt"/>
          <line num="25" count="0" type="stmt"/>
          <line num="32" count="0" type="stmt"/>
          <line num="39" count="0" type="stmt"/>
          <line num="40" count="0" type="stmt"/>
          <line num="41" count="0" type="stmt"/>
          <line num="63" count="2" type="stmt"/>
        </file>
      </package>
    </metrics>
  </project>
</coverage>
