{"/Users/high-z/Desktop/HRR-33/goonies/jestsetup.js": {"path":"/Users/high-z/Desktop/HRR-33/goonies/jestsetup.js","statementMap":{"0":{"start":{"line":5,"column":0},"end":{"line":5,"column":45}},"1":{"start":{"line":8,"column":0},"end":{"line":8,"column":25}},"2":{"start":{"line":9,"column":0},"end":{"line":9,"column":23}},"3":{"start":{"line":10,"column":0},"end":{"line":10,"column":21}}},"fnMap":{},"branchMap":{},"s":{"0":10,"1":10,"2":10,"3":10},"f":{},"b":{},"_coverageSchema":"332fd63041d2c1bcb487cc26dd0d5f7d97098a6c","hash":"02696d96a19f288ae8d198fa9e196ec86eec3c6d"}
,"/Users/high-z/Desktop/HRR-33/goonies/myapikey.js": {"path":"/Users/high-z/Desktop/HRR-33/goonies/myapikey.js","statementMap":{"0":{"start":{"line":1,"column":0},"end":{"line":3,"column":2}}},"fnMap":{},"branchMap":{},"s":{"0":2},"f":{},"b":{},"_coverageSchema":"332fd63041d2c1bcb487cc26dd0d5f7d97098a6c","hash":"cf6a296fab2990da3884b49160190c4e524a8c9e"}
,"/Users/high-z/Desktop/HRR-33/goonies/client/source/components/presentational/ExperienceEdit.jsx": {"path":"/Users/high-z/Desktop/HRR-33/goonies/client/source/components/presentational/ExperienceEdit.jsx","statementMap":{"0":{"start":{"line":6,"column":4},"end":{"line":6,"column":17}},"1":{"start":{"line":7,"column":4},"end":{"line":9,"column":6}},"2":{"start":{"line":10,"column":4},"end":{"line":10,"column":53}},"3":{"start":{"line":14,"column":4},"end":{"line":16,"column":7}},"4":{"start":{"line":20,"column":30},"end":{"line":20,"column":40}},"5":{"start":{"line":21,"column":56},"end":{"line":21,"column":66}},"6":{"start":{"line":22,"column":4},"end":{"line":32,"column":6}},"7":{"start":{"line":29,"column":47},"end":{"line":29,"column":82}},"8":{"start":{"line":30,"column":47},"end":{"line":30,"column":79}},"9":{"start":{"line":36,"column":0},"end":{"line":39,"column":2}}},"fnMap":{"0":{"name":"(anonymous_0)","decl":{"start":{"line":5,"column":2},"end":{"line":5,"column":3}},"loc":{"start":{"line":5,"column":21},"end":{"line":11,"column":3}},"line":5},"1":{"name":"(anonymous_1)","decl":{"start":{"line":13,"column":2},"end":{"line":13,"column":3}},"loc":{"start":{"line":13,"column":18},"end":{"line":17,"column":3}},"line":13},"2":{"name":"(anonymous_2)","decl":{"start":{"line":19,"column":2},"end":{"line":19,"column":3}},"loc":{"start":{"line":19,"column":11},"end":{"line":33,"column":3}},"line":19},"3":{"name":"(anonymous_3)","decl":{"start":{"line":29,"column":39},"end":{"line":29,"column":40}},"loc":{"start":{"line":29,"column":45},"end":{"line":29,"column":84}},"line":29},"4":{"name":"(anonymous_4)","decl":{"start":{"line":30,"column":39},"end":{"line":30,"column":40}},"loc":{"start":{"line":30,"column":45},"end":{"line":30,"column":81}},"line":30}},"branchMap":{},"s":{"0":0,"1":0,"2":0,"3":0,"4":0,"5":0,"6":0,"7":0,"8":0,"9":1},"f":{"0":0,"1":0,"2":0,"3":0,"4":0},"b":{},"_coverageSchema":"332fd63041d2c1bcb487cc26dd0d5f7d97098a6c","hash":"a9c7c9b124928f244f946f8cbf1bb299c57d639b"}
,"/Users/high-z/Desktop/HRR-33/goonies/client/source/components/presentational/ForecastForm.jsx": {"path":"/Users/high-z/Desktop/HRR-33/goonies/client/source/components/presentational/ForecastForm.jsx","statementMap":{"0":{"start":{"line":7,"column":4},"end":{"line":7,"column":17}},"1":{"start":{"line":8,"column":4},"end":{"line":18,"column":6}},"2":{"start":{"line":23,"column":24},"end":{"line":23,"column":34}},"3":{"start":{"line":24,"column":4},"end":{"line":28,"column":5}},"4":{"start":{"line":25,"column":6},"end":{"line":25,"column":28}},"5":{"start":{"line":26,"column":6},"end":{"line":26,"column":28}},"6":{"start":{"line":27,"column":6},"end":{"line":27,"column":27}},"7":{"start":{"line":32,"column":24},"end":{"line":32,"column":34}},"8":{"start":{"line":34,"column":15},"end":{"line":34,"column":24}},"9":{"start":{"line":35,"column":14},"end":{"line":35,"column":22}},"10":{"start":{"line":36,"column":17},"end":{"line":36,"column":36}},"11":{"start":{"line":37,"column":4},"end":{"line":43,"column":5}},"12":{"start":{"line":38,"column":6},"end":{"line":42,"column":7}},"13":{"start":{"line":39,"column":8},"end":{"line":39,"column":33}},"14":{"start":{"line":40,"column":13},"end":{"line":42,"column":7}},"15":{"start":{"line":41,"column":8},"end":{"line":41,"column":32}},"16":{"start":{"line":44,"column":4},"end":{"line":48,"column":7}},"17":{"start":{"line":52,"column":24},"end":{"line":52,"column":34}},"18":{"start":{"line":53,"column":15},"end":{"line":53,"column":24}},"19":{"start":{"line":54,"column":14},"end":{"line":54,"column":22}},"20":{"start":{"line":55,"column":17},"end":{"line":55,"column":37}},"21":{"start":{"line":56,"column":4},"end":{"line":62,"column":5}},"22":{"start":{"line":57,"column":6},"end":{"line":61,"column":7}},"23":{"start":{"line":58,"column":8},"end":{"line":58,"column":33}},"24":{"start":{"line":59,"column":13},"end":{"line":61,"column":7}},"25":{"start":{"line":60,"column":8},"end":{"line":60,"column":32}},"26":{"start":{"line":63,"column":4},"end":{"line":67,"column":7}},"27":{"start":{"line":71,"column":24},"end":{"line":71,"column":34}},"28":{"start":{"line":72,"column":15},"end":{"line":72,"column":24}},"29":{"start":{"line":73,"column":14},"end":{"line":73,"column":22}},"30":{"start":{"line":74,"column":17},"end":{"line":74,"column":38}},"31":{"start":{"line":75,"column":4},"end":{"line":81,"column":5}},"32":{"start":{"line":76,"column":6},"end":{"line":80,"column":7}},"33":{"start":{"line":77,"column":8},"end":{"line":77,"column":33}},"34":{"start":{"line":78,"column":13},"end":{"line":80,"column":7}},"35":{"start":{"line":79,"column":8},"end":{"line":79,"column":32}},"36":{"start":{"line":82,"column":4},"end":{"line":87,"column":7}},"37":{"start":{"line":101,"column":8},"end":{"line":101,"column":18}},"38":{"start":{"line":102,"column":4},"end":{"line":162,"column":6}},"39":{"start":{"line":166,"column":0},"end":{"line":168,"column":2}}},"fnMap":{"0":{"name":"(anonymous_0)","decl":{"start":{"line":6,"column":2},"end":{"line":6,"column":3}},"loc":{"start":{"line":6,"column":21},"end":{"line":19,"column":3}},"line":6},"1":{"name":"(anonymous_1)","decl":{"start":{"line":22,"column":2},"end":{"line":22,"column":3}},"loc":{"start":{"line":22,"column":32},"end":{"line":29,"column":3}},"line":22},"2":{"name":"(anonymous_2)","decl":{"start":{"line":31,"column":2},"end":{"line":31,"column":3}},"loc":{"start":{"line":31,"column":18},"end":{"line":49,"column":3}},"line":31},"3":{"name":"(anonymous_3)","decl":{"start":{"line":51,"column":2},"end":{"line":51,"column":3}},"loc":{"start":{"line":51,"column":19},"end":{"line":68,"column":3}},"line":51},"4":{"name":"(anonymous_4)","decl":{"start":{"line":70,"column":2},"end":{"line":70,"column":3}},"loc":{"start":{"line":70,"column":19},"end":{"line":88,"column":3}},"line":70},"5":{"name":"(anonymous_5)","decl":{"start":{"line":90,"column":2},"end":{"line":90,"column":3}},"loc":{"start":{"line":90,"column":11},"end":{"line":163,"column":3}},"line":90}},"branchMap":{"0":{"loc":{"start":{"line":24,"column":4},"end":{"line":28,"column":5}},"type":"if","locations":[{"start":{"line":24,"column":4},"end":{"line":28,"column":5}},{"start":{"line":24,"column":4},"end":{"line":28,"column":5}}],"line":24},"1":{"loc":{"start":{"line":38,"column":6},"end":{"line":42,"column":7}},"type":"if","locations":[{"start":{"line":38,"column":6},"end":{"line":42,"column":7}},{"start":{"line":38,"column":6},"end":{"line":42,"column":7}}],"line":38},"2":{"loc":{"start":{"line":40,"column":13},"end":{"line":42,"column":7}},"type":"if","locations":[{"start":{"line":40,"column":13},"end":{"line":42,"column":7}},{"start":{"line":40,"column":13},"end":{"line":42,"column":7}}],"line":40},"3":{"loc":{"start":{"line":57,"column":6},"end":{"line":61,"column":7}},"type":"if","locations":[{"start":{"line":57,"column":6},"end":{"line":61,"column":7}},{"start":{"line":57,"column":6},"end":{"line":61,"column":7}}],"line":57},"4":{"loc":{"start":{"line":59,"column":13},"end":{"line":61,"column":7}},"type":"if","locations":[{"start":{"line":59,"column":13},"end":{"line":61,"column":7}},{"start":{"line":59,"column":13},"end":{"line":61,"column":7}}],"line":59},"5":{"loc":{"start":{"line":76,"column":6},"end":{"line":80,"column":7}},"type":"if","locations":[{"start":{"line":76,"column":6},"end":{"line":80,"column":7}},{"start":{"line":76,"column":6},"end":{"line":80,"column":7}}],"line":76},"6":{"loc":{"start":{"line":78,"column":13},"end":{"line":80,"column":7}},"type":"if","locations":[{"start":{"line":78,"column":13},"end":{"line":80,"column":7}},{"start":{"line":78,"column":13},"end":{"line":80,"column":7}}],"line":78}},"s":{"0":2,"1":2,"2":0,"3":0,"4":0,"5":0,"6":0,"7":0,"8":0,"9":0,"10":0,"11":0,"12":0,"13":0,"14":0,"15":0,"16":0,"17":0,"18":0,"19":0,"20":0,"21":0,"22":0,"23":0,"24":0,"25":0,"26":0,"27":0,"28":0,"29":0,"30":0,"31":0,"32":0,"33":0,"34":0,"35":0,"36":0,"37":2,"38":2,"39":2},"f":{"0":2,"1":0,"2":0,"3":0,"4":0,"5":2},"b":{"0":[0,0],"1":[0,0],"2":[0,0],"3":[0,0],"4":[0,0],"5":[0,0],"6":[0,0]},"_coverageSchema":"332fd63041d2c1bcb487cc26dd0d5f7d97098a6c","hash":"9d31e9cc0500d532c2f65f035a148c0bf4287b37"}
,"/Users/high-z/Desktop/HRR-33/goonies/client/source/components/presentational/Login.jsx": {"path":"/Users/high-z/Desktop/HRR-33/goonies/client/source/components/presentational/Login.jsx","statementMap":{"0":{"start":{"line":9,"column":4},"end":{"line":9,"column":17}},"1":{"start":{"line":10,"column":4},"end":{"line":15,"column":6}},"2":{"start":{"line":16,"column":4},"end":{"line":16,"column":53}},"3":{"start":{"line":17,"column":4},"end":{"line":17,"column":51}},"4":{"start":{"line":18,"column":4},"end":{"line":18,"column":55}},"5":{"start":{"line":22,"column":4},"end":{"line":24,"column":7}},"6":{"start":{"line":28,"column":35},"end":{"line":28,"column":45}},"7":{"start":{"line":29,"column":22},"end":{"line":29,"column":44}},"8":{"start":{"line":30,"column":33},"end":{"line":30,"column":43}},"9":{"start":{"line":32,"column":4},"end":{"line":48,"column":9}},"10":{"start":{"line":36,"column":8},"end":{"line":44,"column":9}},"11":{"start":{"line":37,"column":10},"end":{"line":37,"column":68}},"12":{"start":{"line":40,"column":10},"end":{"line":40,"column":37}},"13":{"start":{"line":41,"column":10},"end":{"line":43,"column":13}},"14":{"start":{"line":47,"column":8},"end":{"line":47,"column":40}},"15":{"start":{"line":52,"column":25},"end":{"line":52,"column":35}},"16":{"start":{"line":53,"column":4},"end":{"line":55,"column":7}},"17":{"start":{"line":61,"column":35},"end":{"line":61,"column":45}},"18":{"start":{"line":63,"column":4},"end":{"line":65,"column":5}},"19":{"start":{"line":64,"column":6},"end":{"line":64,"column":45}},"20":{"start":{"line":66,"column":4},"end":{"line":68,"column":5}},"21":{"start":{"line":67,"column":6},"end":{"line":67,"column":47}},"22":{"start":{"line":69,"column":4},"end":{"line":85,"column":6}},"23":{"start":{"line":89,"column":0},"end":{"line":91,"column":2}}},"fnMap":{"0":{"name":"(anonymous_0)","decl":{"start":{"line":8,"column":2},"end":{"line":8,"column":3}},"loc":{"start":{"line":8,"column":21},"end":{"line":19,"column":3}},"line":8},"1":{"name":"(anonymous_1)","decl":{"start":{"line":21,"column":2},"end":{"line":21,"column":3}},"loc":{"start":{"line":21,"column":18},"end":{"line":25,"column":3}},"line":21},"2":{"name":"(anonymous_2)","decl":{"start":{"line":27,"column":2},"end":{"line":27,"column":3}},"loc":{"start":{"line":27,"column":16},"end":{"line":49,"column":3}},"line":27},"3":{"name":"(anonymous_3)","decl":{"start":{"line":35,"column":12},"end":{"line":35,"column":13}},"loc":{"start":{"line":35,"column":21},"end":{"line":45,"column":7}},"line":35},"4":{"name":"(anonymous_4)","decl":{"start":{"line":46,"column":13},"end":{"line":46,"column":14}},"loc":{"start":{"line":46,"column":22},"end":{"line":48,"column":7}},"line":46},"5":{"name":"(anonymous_5)","decl":{"start":{"line":51,"column":2},"end":{"line":51,"column":3}},"loc":{"start":{"line":51,"column":18},"end":{"line":56,"column":3}},"line":51},"6":{"name":"(anonymous_6)","decl":{"start":{"line":59,"column":2},"end":{"line":59,"column":3}},"loc":{"start":{"line":59,"column":11},"end":{"line":86,"column":3}},"line":59}},"branchMap":{"0":{"loc":{"start":{"line":36,"column":8},"end":{"line":44,"column":9}},"type":"if","locations":[{"start":{"line":36,"column":8},"end":{"line":44,"column":9}},{"start":{"line":36,"column":8},"end":{"line":44,"column":9}}],"line":36},"1":{"loc":{"start":{"line":63,"column":4},"end":{"line":65,"column":5}},"type":"if","locations":[{"start":{"line":63,"column":4},"end":{"line":65,"column":5}},{"start":{"line":63,"column":4},"end":{"line":65,"column":5}}],"line":63},"2":{"loc":{"start":{"line":66,"column":4},"end":{"line":68,"column":5}},"type":"if","locations":[{"start":{"line":66,"column":4},"end":{"line":68,"column":5}},{"start":{"line":66,"column":4},"end":{"line":68,"column":5}}],"line":66}},"s":{"0":1,"1":1,"2":1,"3":1,"4":1,"5":0,"6":0,"7":0,"8":0,"9":0,"10":0,"11":0,"12":0,"13":0,"14":0,"15":0,"16":0,"17":1,"18":1,"19":0,"20":1,"21":0,"22":1,"23":1},"f":{"0":1,"1":0,"2":0,"3":0,"4":0,"5":0,"6":1},"b":{"0":[0,0],"1":[0,1],"2":[0,1]},"_coverageSchema":"332fd63041d2c1bcb487cc26dd0d5f7d97098a6c","hash":"9a1293c7fec64cba824eda29929e2c54b00cb193"}
,"/Users/high-z/Desktop/HRR-33/goonies/client/source/components/presentational/MapYourRoute.jsx": {"path":"/Users/high-z/Desktop/HRR-33/goonies/client/source/components/presentational/MapYourRoute.jsx","statementMap":{"0":{"start":{"line":4,"column":21},"end":{"line":11,"column":1}},"1":{"start":{"line":5,"column":2},"end":{"line":10,"column":8}}},"fnMap":{"0":{"name":"(anonymous_0)","decl":{"start":{"line":4,"column":21},"end":{"line":4,"column":22}},"loc":{"start":{"line":5,"column":2},"end":{"line":10,"column":8}},"line":5}},"branchMap":{},"s":{"0":1,"1":1},"f":{"0":1},"b":{},"_coverageSchema":"332fd63041d2c1bcb487cc26dd0d5f7d97098a6c","hash":"8c7273d6df8c286c16c321fc7b07a0ca3b872c95"}
,"/Users/high-z/Desktop/HRR-33/goonies/client/source/components/presentational/ParkInfo.jsx": {"path":"/Users/high-z/Desktop/HRR-33/goonies/client/source/components/presentational/ParkInfo.jsx","statementMap":{"0":{"start":{"line":6,"column":4},"end":{"line":6,"column":17}},"1":{"start":{"line":7,"column":4},"end":{"line":11,"column":6}},"2":{"start":{"line":15,"column":4},"end":{"line":15,"column":21}},"3":{"start":{"line":16,"column":4},"end":{"line":16,"column":19}},"4":{"start":{"line":20,"column":4},"end":{"line":26,"column":9}},"5":{"start":{"line":22,"column":8},"end":{"line":22,"column":75}},"6":{"start":{"line":22,"column":60},"end":{"line":22,"column":73}},"7":{"start":{"line":25,"column":8},"end":{"line":25,"column":27}},"8":{"start":{"line":30,"column":4},"end":{"line":39,"column":9}},"9":{"start":{"line":32,"column":8},"end":{"line":35,"column":32}},"10":{"start":{"line":35,"column":17},"end":{"line":35,"column":30}},"11":{"start":{"line":38,"column":8},"end":{"line":38,"column":27}},"12":{"start":{"line":43,"column":25},"end":{"line":43,"column":35}},"13":{"start":{"line":44,"column":23},"end":{"line":44,"column":33}},"14":{"start":{"line":45,"column":21},"end":{"line":45,"column":31}},"15":{"start":{"line":46,"column":4},"end":{"line":78,"column":6}},"16":{"start":{"line":51,"column":10},"end":{"line":60,"column":16}}},"fnMap":{"0":{"name":"(anonymous_0)","decl":{"start":{"line":5,"column":2},"end":{"line":5,"column":3}},"loc":{"start":{"line":5,"column":21},"end":{"line":12,"column":3}},"line":5},"1":{"name":"(anonymous_1)","decl":{"start":{"line":14,"column":2},"end":{"line":14,"column":3}},"loc":{"start":{"line":14,"column":22},"end":{"line":17,"column":3}},"line":14},"2":{"name":"(anonymous_2)","decl":{"start":{"line":19,"column":2},"end":{"line":19,"column":3}},"loc":{"start":{"line":19,"column":14},"end":{"line":27,"column":3}},"line":19},"3":{"name":"(anonymous_3)","decl":{"start":{"line":21,"column":12},"end":{"line":21,"column":13}},"loc":{"start":{"line":21,"column":26},"end":{"line":23,"column":7}},"line":21},"4":{"name":"(anonymous_4)","decl":{"start":{"line":22,"column":54},"end":{"line":22,"column":55}},"loc":{"start":{"line":22,"column":60},"end":{"line":22,"column":73}},"line":22},"5":{"name":"(anonymous_5)","decl":{"start":{"line":24,"column":13},"end":{"line":24,"column":14}},"loc":{"start":{"line":24,"column":24},"end":{"line":26,"column":7}},"line":24},"6":{"name":"(anonymous_6)","decl":{"start":{"line":29,"column":2},"end":{"line":29,"column":3}},"loc":{"start":{"line":29,"column":12},"end":{"line":40,"column":3}},"line":29},"7":{"name":"(anonymous_7)","decl":{"start":{"line":31,"column":12},"end":{"line":31,"column":13}},"loc":{"start":{"line":31,"column":26},"end":{"line":36,"column":7}},"line":31},"8":{"name":"(anonymous_8)","decl":{"start":{"line":35,"column":11},"end":{"line":35,"column":12}},"loc":{"start":{"line":35,"column":17},"end":{"line":35,"column":30}},"line":35},"9":{"name":"(anonymous_9)","decl":{"start":{"line":37,"column":13},"end":{"line":37,"column":14}},"loc":{"start":{"line":37,"column":24},"end":{"line":39,"column":7}},"line":37},"10":{"name":"(anonymous_10)","decl":{"start":{"line":42,"column":2},"end":{"line":42,"column":3}},"loc":{"start":{"line":42,"column":11},"end":{"line":79,"column":3}},"line":42},"11":{"name":"(anonymous_11)","decl":{"start":{"line":50,"column":20},"end":{"line":50,"column":21}},"loc":{"start":{"line":51,"column":10},"end":{"line":60,"column":16}},"line":51}},"branchMap":{},"s":{"0":1,"1":1,"2":1,"3":1,"4":1,"5":0,"6":0,"7":0,"8":1,"9":0,"10":0,"11":0,"12":1,"13":1,"14":1,"15":1,"16":0},"f":{"0":1,"1":1,"2":1,"3":0,"4":0,"5":0,"6":1,"7":0,"8":0,"9":0,"10":1,"11":0},"b":{},"_coverageSchema":"332fd63041d2c1bcb487cc26dd0d5f7d97098a6c","hash":"619df7bc56ef4c2788b54a20ae9bef2f4f74eb95"}
,"/Users/high-z/Desktop/HRR-33/goonies/client/source/components/presentational/Route.jsx": {"path":"/Users/high-z/Desktop/HRR-33/goonies/client/source/components/presentational/Route.jsx","statementMap":{"0":{"start":{"line":4,"column":14},"end":{"line":44,"column":1}},"1":{"start":{"line":5,"column":19},"end":{"line":9,"column":3}},"2":{"start":{"line":15,"column":6},"end":{"line":15,"column":11}},"3":{"start":{"line":16,"column":15},"end":{"line":16,"column":36}},"4":{"start":{"line":18,"column":2},"end":{"line":43,"column":4}},"5":{"start":{"line":24,"column":45},"end":{"line":24,"column":57}},"6":{"start":{"line":46,"column":0},"end":{"line":55,"column":2}}},"fnMap":{"0":{"name":"(anonymous_0)","decl":{"start":{"line":4,"column":14},"end":{"line":4,"column":15}},"loc":{"start":{"line":4,"column":41},"end":{"line":44,"column":1}},"line":4},"1":{"name":"(anonymous_1)","decl":{"start":{"line":24,"column":39},"end":{"line":24,"column":40}},"loc":{"start":{"line":24,"column":45},"end":{"line":24,"column":57}},"line":24}},"branchMap":{},"s":{"0":1,"1":1,"2":1,"3":0,"4":0,"5":0,"6":1},"f":{"0":1,"1":0},"b":{},"_coverageSchema":"332fd63041d2c1bcb487cc26dd0d5f7d97098a6c","hash":"bbb26ddaf212e1f9089af0dc920c4cf3f3904560"}
,"/Users/high-z/Desktop/HRR-33/goonies/client/source/components/presentational/SignUp.jsx": {"path":"/Users/high-z/Desktop/HRR-33/goonies/client/source/components/presentational/SignUp.jsx","statementMap":{"0":{"start":{"line":8,"column":4},"end":{"line":8,"column":17}},"1":{"start":{"line":9,"column":4},"end":{"line":14,"column":6}},"2":{"start":{"line":15,"column":4},"end":{"line":15,"column":53}},"3":{"start":{"line":16,"column":4},"end":{"line":16,"column":53}},"4":{"start":{"line":20,"column":4},"end":{"line":22,"column":7}},"5":{"start":{"line":26,"column":47},"end":{"line":26,"column":57}},"6":{"start":{"line":27,"column":21},"end":{"line":27,"column":55}},"7":{"start":{"line":28,"column":33},"end":{"line":28,"column":43}},"8":{"start":{"line":29,"column":4},"end":{"line":43,"column":9}},"9":{"start":{"line":31,"column":8},"end":{"line":39,"column":9}},"10":{"start":{"line":32,"column":10},"end":{"line":32,"column":83}},"11":{"start":{"line":35,"column":10},"end":{"line":35,"column":56}},"12":{"start":{"line":36,"column":10},"end":{"line":38,"column":13}},"13":{"start":{"line":42,"column":8},"end":{"line":42,"column":27}},"14":{"start":{"line":48,"column":37},"end":{"line":48,"column":47}},"15":{"start":{"line":50,"column":4},"end":{"line":52,"column":5}},"16":{"start":{"line":51,"column":6},"end":{"line":51,"column":45}},"17":{"start":{"line":53,"column":4},"end":{"line":72,"column":6}},"18":{"start":{"line":76,"column":0},"end":{"line":78,"column":2}}},"fnMap":{"0":{"name":"(anonymous_0)","decl":{"start":{"line":7,"column":2},"end":{"line":7,"column":3}},"loc":{"start":{"line":7,"column":21},"end":{"line":17,"column":3}},"line":7},"1":{"name":"(anonymous_1)","decl":{"start":{"line":19,"column":2},"end":{"line":19,"column":3}},"loc":{"start":{"line":19,"column":18},"end":{"line":23,"column":3}},"line":19},"2":{"name":"(anonymous_2)","decl":{"start":{"line":25,"column":2},"end":{"line":25,"column":3}},"loc":{"start":{"line":25,"column":17},"end":{"line":44,"column":3}},"line":25},"3":{"name":"(anonymous_3)","decl":{"start":{"line":30,"column":12},"end":{"line":30,"column":13}},"loc":{"start":{"line":30,"column":21},"end":{"line":40,"column":7}},"line":30},"4":{"name":"(anonymous_4)","decl":{"start":{"line":41,"column":13},"end":{"line":41,"column":14}},"loc":{"start":{"line":41,"column":24},"end":{"line":43,"column":7}},"line":41},"5":{"name":"(anonymous_5)","decl":{"start":{"line":46,"column":2},"end":{"line":46,"column":3}},"loc":{"start":{"line":46,"column":11},"end":{"line":73,"column":3}},"line":46}},"branchMap":{"0":{"loc":{"start":{"line":31,"column":8},"end":{"line":39,"column":9}},"type":"if","locations":[{"start":{"line":31,"column":8},"end":{"line":39,"column":9}},{"start":{"line":31,"column":8},"end":{"line":39,"column":9}}],"line":31},"1":{"loc":{"start":{"line":50,"column":4},"end":{"line":52,"column":5}},"type":"if","locations":[{"start":{"line":50,"column":4},"end":{"line":52,"column":5}},{"start":{"line":50,"column":4},"end":{"line":52,"column":5}}],"line":50}},"s":{"0":1,"1":1,"2":1,"3":1,"4":0,"5":0,"6":0,"7":0,"8":0,"9":0,"10":0,"11":0,"12":0,"13":0,"14":1,"15":1,"16":0,"17":1,"18":1},"f":{"0":1,"1":0,"2":0,"3":0,"4":0,"5":1},"b":{"0":[0,0],"1":[0,1]},"_coverageSchema":"332fd63041d2c1bcb487cc26dd0d5f7d97098a6c","hash":"26e25700ba315e8de058f3ddc24267b53dce678a"}
,"/Users/high-z/Desktop/HRR-33/goonies/client/source/components/presentational/Timer.jsx": {"path":"/Users/high-z/Desktop/HRR-33/goonies/client/source/components/presentational/Timer.jsx","statementMap":{"0":{"start":{"line":5,"column":4},"end":{"line":5,"column":17}},"1":{"start":{"line":6,"column":4},"end":{"line":11,"column":6}},"2":{"start":{"line":12,"column":4},"end":{"line":12,"column":21}},"3":{"start":{"line":13,"column":4},"end":{"line":13,"column":49}},"4":{"start":{"line":14,"column":4},"end":{"line":14,"column":47}},"5":{"start":{"line":15,"column":4},"end":{"line":15,"column":49}},"6":{"start":{"line":16,"column":4},"end":{"line":16,"column":47}},"7":{"start":{"line":17,"column":4},"end":{"line":17,"column":45}},"8":{"start":{"line":18,"column":4},"end":{"line":18,"column":49}},"9":{"start":{"line":22,"column":4},"end":{"line":24,"column":7}},"10":{"start":{"line":28,"column":4},"end":{"line":33,"column":10}},"11":{"start":{"line":28,"column":34},"end":{"line":32,"column":6}},"12":{"start":{"line":37,"column":4},"end":{"line":37,"column":29}},"13":{"start":{"line":41,"column":21},"end":{"line":41,"column":31}},"14":{"start":{"line":42,"column":4},"end":{"line":42,"column":24}},"15":{"start":{"line":43,"column":4},"end":{"line":46,"column":7}},"16":{"start":{"line":50,"column":40},"end":{"line":50,"column":50}},"17":{"start":{"line":51,"column":4},"end":{"line":53,"column":7}},"18":{"start":{"line":57,"column":4},"end":{"line":57,"column":23}},"19":{"start":{"line":58,"column":32},"end":{"line":58,"column":42}},"20":{"start":{"line":59,"column":4},"end":{"line":59,"column":39}},"21":{"start":{"line":63,"column":23},"end":{"line":63,"column":87}},"22":{"start":{"line":63,"column":31},"end":{"line":63,"column":86}},"23":{"start":{"line":65,"column":19},"end":{"line":65,"column":65}},"24":{"start":{"line":65,"column":29},"end":{"line":65,"column":64}},"25":{"start":{"line":71,"column":8},"end":{"line":71,"column":18}},"26":{"start":{"line":73,"column":4},"end":{"line":113,"column":6}},"27":{"start":{"line":93,"column":12},"end":{"line":110,"column":17}}},"fnMap":{"0":{"name":"(anonymous_0)","decl":{"start":{"line":4,"column":2},"end":{"line":4,"column":3}},"loc":{"start":{"line":4,"column":21},"end":{"line":19,"column":3}},"line":4},"1":{"name":"(anonymous_1)","decl":{"start":{"line":21,"column":2},"end":{"line":21,"column":3}},"loc":{"start":{"line":21,"column":14},"end":{"line":25,"column":3}},"line":21},"2":{"name":"(anonymous_2)","decl":{"start":{"line":27,"column":2},"end":{"line":27,"column":3}},"loc":{"start":{"line":27,"column":15},"end":{"line":34,"column":3}},"line":27},"3":{"name":"(anonymous_3)","decl":{"start":{"line":28,"column":28},"end":{"line":28,"column":29}},"loc":{"start":{"line":28,"column":34},"end":{"line":32,"column":6}},"line":28},"4":{"name":"(anonymous_4)","decl":{"start":{"line":36,"column":2},"end":{"line":36,"column":3}},"loc":{"start":{"line":36,"column":14},"end":{"line":38,"column":3}},"line":36},"5":{"name":"(anonymous_5)","decl":{"start":{"line":40,"column":2},"end":{"line":40,"column":3}},"loc":{"start":{"line":40,"column":15},"end":{"line":47,"column":3}},"line":40},"6":{"name":"(anonymous_6)","decl":{"start":{"line":49,"column":2},"end":{"line":49,"column":3}},"loc":{"start":{"line":49,"column":14},"end":{"line":54,"column":3}},"line":49},"7":{"name":"(anonymous_7)","decl":{"start":{"line":56,"column":2},"end":{"line":56,"column":3}},"loc":{"start":{"line":56,"column":16},"end":{"line":60,"column":3}},"line":56},"8":{"name":"(anonymous_8)","decl":{"start":{"line":62,"column":2},"end":{"line":62,"column":3}},"loc":{"start":{"line":62,"column":11},"end":{"line":114,"column":3}},"line":62},"9":{"name":"(anonymous_9)","decl":{"start":{"line":63,"column":23},"end":{"line":63,"column":24}},"loc":{"start":{"line":63,"column":31},"end":{"line":63,"column":86}},"line":63},"10":{"name":"(anonymous_10)","decl":{"start":{"line":65,"column":19},"end":{"line":65,"column":20}},"loc":{"start":{"line":65,"column":29},"end":{"line":65,"column":64}},"line":65},"11":{"name":"(anonymous_11)","decl":{"start":{"line":92,"column":26},"end":{"line":92,"column":27}},"loc":{"start":{"line":93,"column":12},"end":{"line":110,"column":17}},"line":93}},"branchMap":{},"s":{"0":1,"1":1,"2":1,"3":1,"4":1,"5":1,"6":1,"7":1,"8":1,"9":0,"10":0,"11":0,"12":0,"13":0,"14":0,"15":0,"16":0,"17":0,"18":0,"19":0,"20":0,"21":1,"22":1,"23":1,"24":4,"25":1,"26":1,"27":0},"f":{"0":1,"1":0,"2":0,"3":0,"4":0,"5":0,"6":0,"7":0,"8":1,"9":1,"10":4,"11":0},"b":{},"_coverageSchema":"332fd63041d2c1bcb487cc26dd0d5f7d97098a6c","hash":"ae76c0b4fcd29e16f455609b802f273411747b3c"}
,"/Users/high-z/Desktop/HRR-33/goonies/client/source/components/presentational/UserProfile.jsx": {"path":"/Users/high-z/Desktop/HRR-33/goonies/client/source/components/presentational/UserProfile.jsx","statementMap":{"0":{"start":{"line":9,"column":4},"end":{"line":9,"column":17}},"1":{"start":{"line":11,"column":4},"end":{"line":19,"column":6}},"2":{"start":{"line":20,"column":4},"end":{"line":20,"column":57}},"3":{"start":{"line":21,"column":4},"end":{"line":21,"column":69}},"4":{"start":{"line":22,"column":4},"end":{"line":22,"column":63}},"5":{"start":{"line":23,"column":4},"end":{"line":23,"column":65}},"6":{"start":{"line":24,"column":4},"end":{"line":24,"column":63}},"7":{"start":{"line":25,"column":4},"end":{"line":25,"column":67}},"8":{"start":{"line":29,"column":25},"end":{"line":29,"column":35}},"9":{"start":{"line":30,"column":37},"end":{"line":30,"column":45}},"10":{"start":{"line":31,"column":4},"end":{"line":34,"column":7}},"11":{"start":{"line":39,"column":4},"end":{"line":41,"column":7}},"12":{"start":{"line":45,"column":4},"end":{"line":49,"column":7}},"13":{"start":{"line":53,"column":38},"end":{"line":53,"column":48}},"14":{"start":{"line":54,"column":4},"end":{"line":63,"column":9}},"15":{"start":{"line":56,"column":8},"end":{"line":56,"column":37}},"16":{"start":{"line":59,"column":8},"end":{"line":59,"column":35}},"17":{"start":{"line":62,"column":8},"end":{"line":62,"column":19}},"18":{"start":{"line":67,"column":4},"end":{"line":75,"column":5}},"19":{"start":{"line":68,"column":6},"end":{"line":70,"column":7}},"20":{"start":{"line":69,"column":8},"end":{"line":69,"column":33}},"21":{"start":{"line":71,"column":6},"end":{"line":71,"column":33}},"22":{"start":{"line":73,"column":6},"end":{"line":73,"column":28}},"23":{"start":{"line":74,"column":6},"end":{"line":74,"column":33}},"24":{"start":{"line":81,"column":8},"end":{"line":81,"column":18}},"25":{"start":{"line":82,"column":4},"end":{"line":96,"column":5}},"26":{"start":{"line":83,"column":6},"end":{"line":83,"column":93}},"27":{"start":{"line":84,"column":6},"end":{"line":84,"column":33}},"28":{"start":{"line":85,"column":11},"end":{"line":96,"column":5}},"29":{"start":{"line":86,"column":6},"end":{"line":86,"column":87}},"30":{"start":{"line":87,"column":6},"end":{"line":87,"column":33}},"31":{"start":{"line":89,"column":6},"end":{"line":95,"column":11}},"32":{"start":{"line":91,"column":10},"end":{"line":91,"column":34}},"33":{"start":{"line":94,"column":10},"end":{"line":94,"column":56}},"34":{"start":{"line":102,"column":45},"end":{"line":102,"column":55}},"35":{"start":{"line":103,"column":4},"end":{"line":111,"column":5}},"36":{"start":{"line":104,"column":6},"end":{"line":106,"column":9}},"37":{"start":{"line":107,"column":11},"end":{"line":111,"column":5}},"38":{"start":{"line":108,"column":6},"end":{"line":110,"column":9}},"39":{"start":{"line":115,"column":45},"end":{"line":115,"column":55}},"40":{"start":{"line":116,"column":4},"end":{"line":124,"column":5}},"41":{"start":{"line":117,"column":6},"end":{"line":119,"column":9}},"42":{"start":{"line":121,"column":6},"end":{"line":123,"column":9}},"43":{"start":{"line":128,"column":25},"end":{"line":128,"column":35}},"44":{"start":{"line":129,"column":4},"end":{"line":142,"column":9}},"45":{"start":{"line":131,"column":8},"end":{"line":135,"column":9}},"46":{"start":{"line":132,"column":10},"end":{"line":134,"column":13}},"47":{"start":{"line":138,"column":8},"end":{"line":138,"column":50}},"48":{"start":{"line":141,"column":8},"end":{"line":141,"column":19}},"49":{"start":{"line":146,"column":4},"end":{"line":146,"column":53}},"50":{"start":{"line":147,"column":25},"end":{"line":147,"column":35}},"51":{"start":{"line":148,"column":4},"end":{"line":161,"column":9}},"52":{"start":{"line":150,"column":8},"end":{"line":154,"column":9}},"53":{"start":{"line":151,"column":10},"end":{"line":153,"column":13}},"54":{"start":{"line":157,"column":8},"end":{"line":157,"column":52}},"55":{"start":{"line":160,"column":8},"end":{"line":160,"column":19}},"56":{"start":{"line":173,"column":8},"end":{"line":173,"column":18}},"57":{"start":{"line":174,"column":4},"end":{"line":228,"column":6}},"58":{"start":{"line":232,"column":0},"end":{"line":234,"column":2}}},"fnMap":{"0":{"name":"(anonymous_0)","decl":{"start":{"line":8,"column":2},"end":{"line":8,"column":3}},"loc":{"start":{"line":8,"column":21},"end":{"line":26,"column":3}},"line":8},"1":{"name":"(anonymous_1)","decl":{"start":{"line":28,"column":2},"end":{"line":28,"column":3}},"loc":{"start":{"line":28,"column":22},"end":{"line":35,"column":3}},"line":28},"2":{"name":"(anonymous_2)","decl":{"start":{"line":38,"column":2},"end":{"line":38,"column":3}},"loc":{"start":{"line":38,"column":20},"end":{"line":42,"column":3}},"line":38},"3":{"name":"(anonymous_3)","decl":{"start":{"line":44,"column":2},"end":{"line":44,"column":3}},"loc":{"start":{"line":44,"column":24},"end":{"line":50,"column":3}},"line":44},"4":{"name":"(anonymous_4)","decl":{"start":{"line":52,"column":2},"end":{"line":52,"column":3}},"loc":{"start":{"line":52,"column":19},"end":{"line":64,"column":3}},"line":52},"5":{"name":"(anonymous_5)","decl":{"start":{"line":55,"column":12},"end":{"line":55,"column":13}},"loc":{"start":{"line":55,"column":18},"end":{"line":57,"column":7}},"line":55},"6":{"name":"(anonymous_6)","decl":{"start":{"line":58,"column":12},"end":{"line":58,"column":13}},"loc":{"start":{"line":58,"column":18},"end":{"line":60,"column":7}},"line":58},"7":{"name":"(anonymous_7)","decl":{"start":{"line":61,"column":13},"end":{"line":61,"column":14}},"loc":{"start":{"line":61,"column":22},"end":{"line":63,"column":7}},"line":61},"8":{"name":"(anonymous_8)","decl":{"start":{"line":66,"column":2},"end":{"line":66,"column":3}},"loc":{"start":{"line":66,"column":26},"end":{"line":76,"column":3}},"line":66},"9":{"name":"(anonymous_9)","decl":{"start":{"line":78,"column":2},"end":{"line":78,"column":3}},"loc":{"start":{"line":78,"column":25},"end":{"line":97,"column":3}},"line":78},"10":{"name":"(anonymous_10)","decl":{"start":{"line":90,"column":14},"end":{"line":90,"column":15}},"loc":{"start":{"line":90,"column":23},"end":{"line":92,"column":9}},"line":90},"11":{"name":"(anonymous_11)","decl":{"start":{"line":93,"column":15},"end":{"line":93,"column":16}},"loc":{"start":{"line":93,"column":24},"end":{"line":95,"column":9}},"line":93},"12":{"name":"(anonymous_12)","decl":{"start":{"line":101,"column":2},"end":{"line":101,"column":3}},"loc":{"start":{"line":101,"column":23},"end":{"line":112,"column":3}},"line":101},"13":{"name":"(anonymous_13)","decl":{"start":{"line":114,"column":2},"end":{"line":114,"column":3}},"loc":{"start":{"line":114,"column":38},"end":{"line":125,"column":3}},"line":114},"14":{"name":"(anonymous_14)","decl":{"start":{"line":127,"column":2},"end":{"line":127,"column":3}},"loc":{"start":{"line":127,"column":33},"end":{"line":143,"column":3}},"line":127},"15":{"name":"(anonymous_15)","decl":{"start":{"line":130,"column":12},"end":{"line":130,"column":13}},"loc":{"start":{"line":130,"column":21},"end":{"line":136,"column":7}},"line":130},"16":{"name":"(anonymous_16)","decl":{"start":{"line":137,"column":12},"end":{"line":137,"column":13}},"loc":{"start":{"line":137,"column":18},"end":{"line":139,"column":7}},"line":137},"17":{"name":"(anonymous_17)","decl":{"start":{"line":140,"column":13},"end":{"line":140,"column":14}},"loc":{"start":{"line":140,"column":22},"end":{"line":142,"column":7}},"line":140},"18":{"name":"(anonymous_18)","decl":{"start":{"line":145,"column":2},"end":{"line":145,"column":3}},"loc":{"start":{"line":145,"column":37},"end":{"line":162,"column":3}},"line":145},"19":{"name":"(anonymous_19)","decl":{"start":{"line":149,"column":12},"end":{"line":149,"column":13}},"loc":{"start":{"line":149,"column":21},"end":{"line":155,"column":7}},"line":149},"20":{"name":"(anonymous_20)","decl":{"start":{"line":156,"column":12},"end":{"line":156,"column":13}},"loc":{"start":{"line":156,"column":18},"end":{"line":158,"column":7}},"line":156},"21":{"name":"(anonymous_21)","decl":{"start":{"line":159,"column":13},"end":{"line":159,"column":14}},"loc":{"start":{"line":159,"column":22},"end":{"line":161,"column":7}},"line":159},"22":{"name":"(anonymous_22)","decl":{"start":{"line":164,"column":2},"end":{"line":164,"column":3}},"loc":{"start":{"line":164,"column":11},"end":{"line":229,"column":3}},"line":164}},"branchMap":{"0":{"loc":{"start":{"line":67,"column":4},"end":{"line":75,"column":5}},"type":"if","locations":[{"start":{"line":67,"column":4},"end":{"line":75,"column":5}},{"start":{"line":67,"column":4},"end":{"line":75,"column":5}}],"line":67},"1":{"loc":{"start":{"line":68,"column":6},"end":{"line":70,"column":7}},"type":"if","locations":[{"start":{"line":68,"column":6},"end":{"line":70,"column":7}},{"start":{"line":68,"column":6},"end":{"line":70,"column":7}}],"line":68},"2":{"loc":{"start":{"line":82,"column":4},"end":{"line":96,"column":5}},"type":"if","locations":[{"start":{"line":82,"column":4},"end":{"line":96,"column":5}},{"start":{"line":82,"column":4},"end":{"line":96,"column":5}}],"line":82},"3":{"loc":{"start":{"line":85,"column":11},"end":{"line":96,"column":5}},"type":"if","locations":[{"start":{"line":85,"column":11},"end":{"line":96,"column":5}},{"start":{"line":85,"column":11},"end":{"line":96,"column":5}}],"line":85},"4":{"loc":{"start":{"line":103,"column":4},"end":{"line":111,"column":5}},"type":"if","locations":[{"start":{"line":103,"column":4},"end":{"line":111,"column":5}},{"start":{"line":103,"column":4},"end":{"line":111,"column":5}}],"line":103},"5":{"loc":{"start":{"line":107,"column":11},"end":{"line":111,"column":5}},"type":"if","locations":[{"start":{"line":107,"column":11},"end":{"line":111,"column":5}},{"start":{"line":107,"column":11},"end":{"line":111,"column":5}}],"line":107},"6":{"loc":{"start":{"line":116,"column":4},"end":{"line":124,"column":5}},"type":"if","locations":[{"start":{"line":116,"column":4},"end":{"line":124,"column":5}},{"start":{"line":116,"column":4},"end":{"line":124,"column":5}}],"line":116},"7":{"loc":{"start":{"line":131,"column":8},"end":{"line":135,"column":9}},"type":"if","locations":[{"start":{"line":131,"column":8},"end":{"line":135,"column":9}},{"start":{"line":131,"column":8},"end":{"line":135,"column":9}}],"line":131},"8":{"loc":{"start":{"line":150,"column":8},"end":{"line":154,"column":9}},"type":"if","locations":[{"start":{"line":150,"column":8},"end":{"line":154,"column":9}},{"start":{"line":150,"column":8},"end":{"line":154,"column":9}}],"line":150},"9":{"loc":{"start":{"line":179,"column":12},"end":{"line":192,"column":13}},"type":"cond-expr","locations":[{"start":{"line":180,"column":14},"end":{"line":184,"column":16}},{"start":{"line":186,"column":14},"end":{"line":191,"column":20}}],"line":179},"10":{"loc":{"start":{"line":196,"column":12},"end":{"line":209,"column":13}},"type":"cond-expr","locations":[{"start":{"line":197,"column":14},"end":{"line":201,"column":16}},{"start":{"line":203,"column":14},"end":{"line":208,"column":20}}],"line":196}},"s":{"0":1,"1":1,"2":1,"3":1,"4":1,"5":1,"6":1,"7":1,"8":1,"9":1,"10":0,"11":0,"12":0,"13":0,"14":0,"15":0,"16":0,"17":0,"18":0,"19":0,"20":0,"21":0,"22":0,"23":0,"24":0,"25":0,"26":0,"27":0,"28":0,"29":0,"30":0,"31":0,"32":0,"33":0,"34":0,"35":0,"36":0,"37":0,"38":0,"39":0,"40":0,"41":0,"42":0,"43":0,"44":0,"45":0,"46":0,"47":0,"48":0,"49":0,"50":0,"51":0,"52":0,"53":0,"54":0,"55":0,"56":1,"57":1,"58":1},"f":{"0":1,"1":1,"2":0,"3":0,"4":0,"5":0,"6":0,"7":0,"8":0,"9":0,"10":0,"11":0,"12":0,"13":0,"14":0,"15":0,"16":0,"17":0,"18":0,"19":0,"20":0,"21":0,"22":1},"b":{"0":[0,0],"1":[0,0],"2":[0,0],"3":[0,0],"4":[0,0],"5":[0,0],"6":[0,0],"7":[0,0],"8":[0,0],"9":[0,1],"10":[0,1]},"_coverageSchema":"332fd63041d2c1bcb487cc26dd0d5f7d97098a6c","hash":"491a43ba9a9bc9c6ccd7df84607abca9067f6d4d"}
,"/Users/high-z/Desktop/HRR-33/goonies/client/source/components/presentational/UsernameEdit.jsx": {"path":"/Users/high-z/Desktop/HRR-33/goonies/client/source/components/presentational/UsernameEdit.jsx","statementMap":{"0":{"start":{"line":6,"column":4},"end":{"line":6,"column":17}},"1":{"start":{"line":7,"column":4},"end":{"line":9,"column":6}},"2":{"start":{"line":10,"column":4},"end":{"line":10,"column":53}},"3":{"start":{"line":14,"column":4},"end":{"line":16,"column":7}},"4":{"start":{"line":20,"column":64},"end":{"line":20,"column":74}},"5":{"start":{"line":21,"column":28},"end":{"line":21,"column":38}},"6":{"start":{"line":22,"column":4},"end":{"line":28,"column":6}},"7":{"start":{"line":25,"column":47},"end":{"line":25,"column":78}},"8":{"start":{"line":26,"column":47},"end":{"line":26,"column":84}},"9":{"start":{"line":32,"column":0},"end":{"line":36,"column":2}}},"fnMap":{"0":{"name":"(anonymous_0)","decl":{"start":{"line":5,"column":2},"end":{"line":5,"column":3}},"loc":{"start":{"line":5,"column":21},"end":{"line":11,"column":3}},"line":5},"1":{"name":"(anonymous_1)","decl":{"start":{"line":13,"column":2},"end":{"line":13,"column":3}},"loc":{"start":{"line":13,"column":18},"end":{"line":17,"column":3}},"line":13},"2":{"name":"(anonymous_2)","decl":{"start":{"line":19,"column":2},"end":{"line":19,"column":3}},"loc":{"start":{"line":19,"column":11},"end":{"line":29,"column":3}},"line":19},"3":{"name":"(anonymous_3)","decl":{"start":{"line":25,"column":39},"end":{"line":25,"column":40}},"loc":{"start":{"line":25,"column":45},"end":{"line":25,"column":80}},"line":25},"4":{"name":"(anonymous_4)","decl":{"start":{"line":26,"column":39},"end":{"line":26,"column":40}},"loc":{"start":{"line":26,"column":45},"end":{"line":26,"column":86}},"line":26}},"branchMap":{},"s":{"0":0,"1":0,"2":0,"3":0,"4":0,"5":0,"6":0,"7":0,"8":0,"9":1},"f":{"0":0,"1":0,"2":0,"3":0,"4":0},"b":{},"_coverageSchema":"332fd63041d2c1bcb487cc26dd0d5f7d97098a6c","hash":"58138b8a5366ec25259fbdd0be131e68759f5686"}
,"/Users/high-z/Desktop/HRR-33/goonies/client/source/components/presentational/Weather.jsx": {"path":"/Users/high-z/Desktop/HRR-33/goonies/client/source/components/presentational/Weather.jsx","statementMap":{"0":{"start":{"line":7,"column":4},"end":{"line":7,"column":17}},"1":{"start":{"line":8,"column":4},"end":{"line":16,"column":6}},"2":{"start":{"line":20,"column":4},"end":{"line":20,"column":33}},"3":{"start":{"line":21,"column":4},"end":{"line":21,"column":29}},"4":{"start":{"line":25,"column":4},"end":{"line":39,"column":9}},"5":{"start":{"line":27,"column":8},"end":{"line":34,"column":11}},"6":{"start":{"line":37,"column":8},"end":{"line":37,"column":27}},"7":{"start":{"line":38,"column":8},"end":{"line":38,"column":51}},"8":{"start":{"line":44,"column":4},"end":{"line":53,"column":9}},"9":{"start":{"line":46,"column":8},"end":{"line":48,"column":11}},"10":{"start":{"line":51,"column":8},"end":{"line":51,"column":27}},"11":{"start":{"line":52,"column":8},"end":{"line":52,"column":51}},"12":{"start":{"line":65,"column":8},"end":{"line":65,"column":18}},"13":{"start":{"line":66,"column":4},"end":{"line":107,"column":6}}},"fnMap":{"0":{"name":"(anonymous_0)","decl":{"start":{"line":6,"column":2},"end":{"line":6,"column":3}},"loc":{"start":{"line":6,"column":21},"end":{"line":17,"column":3}},"line":6},"1":{"name":"(anonymous_1)","decl":{"start":{"line":19,"column":2},"end":{"line":19,"column":3}},"loc":{"start":{"line":19,"column":22},"end":{"line":22,"column":3}},"line":19},"2":{"name":"(anonymous_2)","decl":{"start":{"line":24,"column":2},"end":{"line":24,"column":3}},"loc":{"start":{"line":24,"column":26},"end":{"line":40,"column":3}},"line":24},"3":{"name":"(anonymous_3)","decl":{"start":{"line":26,"column":12},"end":{"line":26,"column":13}},"loc":{"start":{"line":26,"column":26},"end":{"line":35,"column":7}},"line":26},"4":{"name":"(anonymous_4)","decl":{"start":{"line":36,"column":13},"end":{"line":36,"column":14}},"loc":{"start":{"line":36,"column":24},"end":{"line":39,"column":7}},"line":36},"5":{"name":"(anonymous_5)","decl":{"start":{"line":43,"column":2},"end":{"line":43,"column":3}},"loc":{"start":{"line":43,"column":22},"end":{"line":54,"column":3}},"line":43},"6":{"name":"(anonymous_6)","decl":{"start":{"line":45,"column":12},"end":{"line":45,"column":13}},"loc":{"start":{"line":45,"column":26},"end":{"line":49,"column":7}},"line":45},"7":{"name":"(anonymous_7)","decl":{"start":{"line":50,"column":13},"end":{"line":50,"column":14}},"loc":{"start":{"line":50,"column":24},"end":{"line":53,"column":7}},"line":50},"8":{"name":"(anonymous_8)","decl":{"start":{"line":56,"column":2},"end":{"line":56,"column":3}},"loc":{"start":{"line":56,"column":11},"end":{"line":108,"column":3}},"line":56}},"branchMap":{},"s":{"0":1,"1":1,"2":1,"3":1,"4":1,"5":0,"6":0,"7":0,"8":1,"9":0,"10":0,"11":0,"12":1,"13":1},"f":{"0":1,"1":1,"2":1,"3":0,"4":0,"5":1,"6":0,"7":0,"8":1},"b":{},"_coverageSchema":"332fd63041d2c1bcb487cc26dd0d5f7d97098a6c","hash":"04487d59a708edbfba4d9d97913722b658931610"}
,"/Users/high-z/Desktop/HRR-33/goonies/client/source/components/presentational/renderMap.jsx": {"path":"/Users/high-z/Desktop/HRR-33/goonies/client/source/components/presentational/renderMap.jsx","statementMap":{"0":{"start":{"line":9,"column":15},"end":{"line":9,"column":22}},"1":{"start":{"line":15,"column":4},"end":{"line":15,"column":17}},"2":{"start":{"line":16,"column":4},"end":{"line":19,"column":6}},"3":{"start":{"line":21,"column":4},"end":{"line":21,"column":55}},"4":{"start":{"line":25,"column":4},"end":{"line":28,"column":7}},"5":{"start":{"line":32,"column":18},"end":{"line":38,"column":5}},"6":{"start":{"line":39,"column":23},"end":{"line":39,"column":33}},"7":{"start":{"line":40,"column":4},"end":{"line":40,"column":24}},"8":{"start":{"line":41,"column":4},"end":{"line":59,"column":6}},"9":{"start":{"line":63,"column":0},"end":{"line":67,"column":2}}},"fnMap":{"0":{"name":"(anonymous_0)","decl":{"start":{"line":14,"column":2},"end":{"line":14,"column":3}},"loc":{"start":{"line":14,"column":21},"end":{"line":22,"column":3}},"line":14},"1":{"name":"(anonymous_1)","decl":{"start":{"line":24,"column":2},"end":{"line":24,"column":3}},"loc":{"start":{"line":24,"column":18},"end":{"line":29,"column":3}},"line":24},"2":{"name":"(anonymous_2)","decl":{"start":{"line":31,"column":2},"end":{"line":31,"column":3}},"loc":{"start":{"line":31,"column":11},"end":{"line":60,"column":3}},"line":31}},"branchMap":{},"s":{"0":2,"1":0,"2":0,"3":0,"4":0,"5":0,"6":0,"7":0,"8":0,"9":2},"f":{"0":0,"1":0,"2":0},"b":{},"_coverageSchema":"332fd63041d2c1bcb487cc26dd0d5f7d97098a6c","hash":"9f1d427b210973746a5bd2f1b799979bb1e9b277"}
}
