{"/Users/high-z/Desktop/HRR-33/goonies/myapikey.js": {"path":"/Users/high-z/Desktop/HRR-33/goonies/myapikey.js","statementMap":{"0":{"start":{"line":1,"column":0},"end":{"line":3,"column":2}}},"fnMap":{},"branchMap":{},"s":{"0":2},"f":{},"b":{},"_coverageSchema":"332fd63041d2c1bcb487cc26dd0d5f7d97098a6c","hash":"cf6a296fab2990da3884b49160190c4e524a8c9e"}
,"/Users/high-z/Desktop/HRR-33/goonies/client/source/components/presentational/ForecastForm.jsx": {"path":"/Users/high-z/Desktop/HRR-33/goonies/client/source/components/presentational/ForecastForm.jsx","statementMap":{"0":{"start":{"line":7,"column":4},"end":{"line":7,"column":17}},"1":{"start":{"line":8,"column":4},"end":{"line":18,"column":6}},"2":{"start":{"line":22,"column":24},"end":{"line":22,"column":34}},"3":{"start":{"line":23,"column":4},"end":{"line":27,"column":5}},"4":{"start":{"line":24,"column":6},"end":{"line":24,"column":28}},"5":{"start":{"line":25,"column":6},"end":{"line":25,"column":28}},"6":{"start":{"line":26,"column":6},"end":{"line":26,"column":27}},"7":{"start":{"line":31,"column":24},"end":{"line":31,"column":34}},"8":{"start":{"line":33,"column":15},"end":{"line":33,"column":24}},"9":{"start":{"line":34,"column":14},"end":{"line":34,"column":22}},"10":{"start":{"line":35,"column":17},"end":{"line":35,"column":36}},"11":{"start":{"line":36,"column":4},"end":{"line":42,"column":5}},"12":{"start":{"line":37,"column":6},"end":{"line":41,"column":7}},"13":{"start":{"line":38,"column":8},"end":{"line":38,"column":33}},"14":{"start":{"line":39,"column":13},"end":{"line":41,"column":7}},"15":{"start":{"line":40,"column":8},"end":{"line":40,"column":32}},"16":{"start":{"line":43,"column":4},"end":{"line":47,"column":7}},"17":{"start":{"line":51,"column":24},"end":{"line":51,"column":34}},"18":{"start":{"line":52,"column":15},"end":{"line":52,"column":24}},"19":{"start":{"line":53,"column":14},"end":{"line":53,"column":22}},"20":{"start":{"line":54,"column":17},"end":{"line":54,"column":37}},"21":{"start":{"line":55,"column":4},"end":{"line":61,"column":5}},"22":{"start":{"line":56,"column":6},"end":{"line":60,"column":7}},"23":{"start":{"line":57,"column":8},"end":{"line":57,"column":33}},"24":{"start":{"line":58,"column":13},"end":{"line":60,"column":7}},"25":{"start":{"line":59,"column":8},"end":{"line":59,"column":32}},"26":{"start":{"line":62,"column":4},"end":{"line":66,"column":7}},"27":{"start":{"line":70,"column":24},"end":{"line":70,"column":34}},"28":{"start":{"line":71,"column":15},"end":{"line":71,"column":24}},"29":{"start":{"line":72,"column":14},"end":{"line":72,"column":22}},"30":{"start":{"line":73,"column":17},"end":{"line":73,"column":38}},"31":{"start":{"line":74,"column":4},"end":{"line":80,"column":5}},"32":{"start":{"line":75,"column":6},"end":{"line":79,"column":7}},"33":{"start":{"line":76,"column":8},"end":{"line":76,"column":33}},"34":{"start":{"line":77,"column":13},"end":{"line":79,"column":7}},"35":{"start":{"line":78,"column":8},"end":{"line":78,"column":32}},"36":{"start":{"line":81,"column":4},"end":{"line":86,"column":7}},"37":{"start":{"line":100,"column":8},"end":{"line":100,"column":18}},"38":{"start":{"line":101,"column":4},"end":{"line":161,"column":6}},"39":{"start":{"line":165,"column":0},"end":{"line":167,"column":2}}},"fnMap":{"0":{"name":"(anonymous_0)","decl":{"start":{"line":6,"column":2},"end":{"line":6,"column":3}},"loc":{"start":{"line":6,"column":21},"end":{"line":19,"column":3}},"line":6},"1":{"name":"(anonymous_1)","decl":{"start":{"line":21,"column":2},"end":{"line":21,"column":3}},"loc":{"start":{"line":21,"column":32},"end":{"line":28,"column":3}},"line":21},"2":{"name":"(anonymous_2)","decl":{"start":{"line":30,"column":2},"end":{"line":30,"column":3}},"loc":{"start":{"line":30,"column":18},"end":{"line":48,"column":3}},"line":30},"3":{"name":"(anonymous_3)","decl":{"start":{"line":50,"column":2},"end":{"line":50,"column":3}},"loc":{"start":{"line":50,"column":19},"end":{"line":67,"column":3}},"line":50},"4":{"name":"(anonymous_4)","decl":{"start":{"line":69,"column":2},"end":{"line":69,"column":3}},"loc":{"start":{"line":69,"column":19},"end":{"line":87,"column":3}},"line":69},"5":{"name":"(anonymous_5)","decl":{"start":{"line":89,"column":2},"end":{"line":89,"column":3}},"loc":{"start":{"line":89,"column":11},"end":{"line":162,"column":3}},"line":89}},"branchMap":{"0":{"loc":{"start":{"line":23,"column":4},"end":{"line":27,"column":5}},"type":"if","locations":[{"start":{"line":23,"column":4},"end":{"line":27,"column":5}},{"start":{"line":23,"column":4},"end":{"line":27,"column":5}}],"line":23},"1":{"loc":{"start":{"line":37,"column":6},"end":{"line":41,"column":7}},"type":"if","locations":[{"start":{"line":37,"column":6},"end":{"line":41,"column":7}},{"start":{"line":37,"column":6},"end":{"line":41,"column":7}}],"line":37},"2":{"loc":{"start":{"line":39,"column":13},"end":{"line":41,"column":7}},"type":"if","locations":[{"start":{"line":39,"column":13},"end":{"line":41,"column":7}},{"start":{"line":39,"column":13},"end":{"line":41,"column":7}}],"line":39},"3":{"loc":{"start":{"line":56,"column":6},"end":{"line":60,"column":7}},"type":"if","locations":[{"start":{"line":56,"column":6},"end":{"line":60,"column":7}},{"start":{"line":56,"column":6},"end":{"line":60,"column":7}}],"line":56},"4":{"loc":{"start":{"line":58,"column":13},"end":{"line":60,"column":7}},"type":"if","locations":[{"start":{"line":58,"column":13},"end":{"line":60,"column":7}},{"start":{"line":58,"column":13},"end":{"line":60,"column":7}}],"line":58},"5":{"loc":{"start":{"line":75,"column":6},"end":{"line":79,"column":7}},"type":"if","locations":[{"start":{"line":75,"column":6},"end":{"line":79,"column":7}},{"start":{"line":75,"column":6},"end":{"line":79,"column":7}}],"line":75},"6":{"loc":{"start":{"line":77,"column":13},"end":{"line":79,"column":7}},"type":"if","locations":[{"start":{"line":77,"column":13},"end":{"line":79,"column":7}},{"start":{"line":77,"column":13},"end":{"line":79,"column":7}}],"line":77}},"s":{"0":2,"1":2,"2":0,"3":0,"4":0,"5":0,"6":0,"7":0,"8":0,"9":0,"10":0,"11":0,"12":0,"13":0,"14":0,"15":0,"16":0,"17":0,"18":0,"19":0,"20":0,"21":0,"22":0,"23":0,"24":0,"25":0,"26":0,"27":0,"28":0,"29":0,"30":0,"31":0,"32":0,"33":0,"34":0,"35":0,"36":0,"37":2,"38":2,"39":2},"f":{"0":2,"1":0,"2":0,"3":0,"4":0,"5":2},"b":{"0":[0,0],"1":[0,0],"2":[0,0],"3":[0,0],"4":[0,0],"5":[0,0],"6":[0,0]},"_coverageSchema":"332fd63041d2c1bcb487cc26dd0d5f7d97098a6c","hash":"5b203faf65f2cbccabb2dffc824e0d312b7bfe04"}
,"/Users/high-z/Desktop/HRR-33/goonies/client/source/components/presentational/Login.jsx": {"path":"/Users/high-z/Desktop/HRR-33/goonies/client/source/components/presentational/Login.jsx","statementMap":{"0":{"start":{"line":9,"column":4},"end":{"line":9,"column":17}},"1":{"start":{"line":10,"column":4},"end":{"line":15,"column":6}},"2":{"start":{"line":16,"column":4},"end":{"line":16,"column":53}},"3":{"start":{"line":17,"column":4},"end":{"line":17,"column":51}},"4":{"start":{"line":18,"column":4},"end":{"line":18,"column":55}},"5":{"start":{"line":22,"column":4},"end":{"line":24,"column":7}},"6":{"start":{"line":28,"column":35},"end":{"line":28,"column":45}},"7":{"start":{"line":29,"column":22},"end":{"line":29,"column":44}},"8":{"start":{"line":30,"column":33},"end":{"line":30,"column":43}},"9":{"start":{"line":32,"column":4},"end":{"line":48,"column":9}},"10":{"start":{"line":36,"column":8},"end":{"line":44,"column":9}},"11":{"start":{"line":37,"column":10},"end":{"line":37,"column":68}},"12":{"start":{"line":40,"column":10},"end":{"line":40,"column":37}},"13":{"start":{"line":41,"column":10},"end":{"line":43,"column":13}},"14":{"start":{"line":47,"column":8},"end":{"line":47,"column":40}},"15":{"start":{"line":52,"column":25},"end":{"line":52,"column":35}},"16":{"start":{"line":53,"column":4},"end":{"line":55,"column":7}},"17":{"start":{"line":61,"column":35},"end":{"line":61,"column":45}},"18":{"start":{"line":63,"column":4},"end":{"line":65,"column":5}},"19":{"start":{"line":64,"column":6},"end":{"line":64,"column":45}},"20":{"start":{"line":66,"column":4},"end":{"line":68,"column":5}},"21":{"start":{"line":67,"column":6},"end":{"line":67,"column":47}},"22":{"start":{"line":69,"column":4},"end":{"line":85,"column":6}},"23":{"start":{"line":89,"column":0},"end":{"line":91,"column":2}}},"fnMap":{"0":{"name":"(anonymous_0)","decl":{"start":{"line":8,"column":2},"end":{"line":8,"column":3}},"loc":{"start":{"line":8,"column":21},"end":{"line":19,"column":3}},"line":8},"1":{"name":"(anonymous_1)","decl":{"start":{"line":21,"column":2},"end":{"line":21,"column":3}},"loc":{"start":{"line":21,"column":18},"end":{"line":25,"column":3}},"line":21},"2":{"name":"(anonymous_2)","decl":{"start":{"line":27,"column":2},"end":{"line":27,"column":3}},"loc":{"start":{"line":27,"column":16},"end":{"line":49,"column":3}},"line":27},"3":{"name":"(anonymous_3)","decl":{"start":{"line":35,"column":12},"end":{"line":35,"column":13}},"loc":{"start":{"line":35,"column":21},"end":{"line":45,"column":7}},"line":35},"4":{"name":"(anonymous_4)","decl":{"start":{"line":46,"column":13},"end":{"line":46,"column":14}},"loc":{"start":{"line":46,"column":22},"end":{"line":48,"column":7}},"line":46},"5":{"name":"(anonymous_5)","decl":{"start":{"line":51,"column":2},"end":{"line":51,"column":3}},"loc":{"start":{"line":51,"column":18},"end":{"line":56,"column":3}},"line":51},"6":{"name":"(anonymous_6)","decl":{"start":{"line":59,"column":2},"end":{"line":59,"column":3}},"loc":{"start":{"line":59,"column":11},"end":{"line":86,"column":3}},"line":59}},"branchMap":{"0":{"loc":{"start":{"line":36,"column":8},"end":{"line":44,"column":9}},"type":"if","locations":[{"start":{"line":36,"column":8},"end":{"line":44,"column":9}},{"start":{"line":36,"column":8},"end":{"line":44,"column":9}}],"line":36},"1":{"loc":{"start":{"line":63,"column":4},"end":{"line":65,"column":5}},"type":"if","locations":[{"start":{"line":63,"column":4},"end":{"line":65,"column":5}},{"start":{"line":63,"column":4},"end":{"line":65,"column":5}}],"line":63},"2":{"loc":{"start":{"line":66,"column":4},"end":{"line":68,"column":5}},"type":"if","locations":[{"start":{"line":66,"column":4},"end":{"line":68,"column":5}},{"start":{"line":66,"column":4},"end":{"line":68,"column":5}}],"line":66}},"s":{"0":1,"1":1,"2":1,"3":1,"4":1,"5":0,"6":0,"7":0,"8":0,"9":0,"10":0,"11":0,"12":0,"13":0,"14":0,"15":0,"16":0,"17":1,"18":1,"19":0,"20":1,"21":0,"22":1,"23":1},"f":{"0":1,"1":0,"2":0,"3":0,"4":0,"5":0,"6":1},"b":{"0":[0,0],"1":[0,1],"2":[0,1]},"_coverageSchema":"332fd63041d2c1bcb487cc26dd0d5f7d97098a6c","hash":"9a1293c7fec64cba824eda29929e2c54b00cb193"}
,"/Users/high-z/Desktop/HRR-33/goonies/client/source/components/presentational/MapYourRoute.jsx": {"path":"/Users/high-z/Desktop/HRR-33/goonies/client/source/components/presentational/MapYourRoute.jsx","statementMap":{"0":{"start":{"line":4,"column":21},"end":{"line":11,"column":1}},"1":{"start":{"line":5,"column":2},"end":{"line":10,"column":8}}},"fnMap":{"0":{"name":"(anonymous_0)","decl":{"start":{"line":4,"column":21},"end":{"line":4,"column":22}},"loc":{"start":{"line":5,"column":2},"end":{"line":10,"column":8}},"line":5}},"branchMap":{},"s":{"0":1,"1":1},"f":{"0":1},"b":{},"_coverageSchema":"332fd63041d2c1bcb487cc26dd0d5f7d97098a6c","hash":"8c7273d6df8c286c16c321fc7b07a0ca3b872c95"}
,"/Users/high-z/Desktop/HRR-33/goonies/client/source/components/presentational/ParkInfo.jsx": {"path":"/Users/high-z/Desktop/HRR-33/goonies/client/source/components/presentational/ParkInfo.jsx","statementMap":{"0":{"start":{"line":6,"column":4},"end":{"line":6,"column":17}},"1":{"start":{"line":7,"column":4},"end":{"line":11,"column":6}},"2":{"start":{"line":15,"column":4},"end":{"line":15,"column":21}},"3":{"start":{"line":16,"column":4},"end":{"line":16,"column":19}},"4":{"start":{"line":20,"column":4},"end":{"line":26,"column":9}},"5":{"start":{"line":22,"column":8},"end":{"line":22,"column":75}},"6":{"start":{"line":22,"column":60},"end":{"line":22,"column":73}},"7":{"start":{"line":25,"column":8},"end":{"line":25,"column":27}},"8":{"start":{"line":30,"column":4},"end":{"line":39,"column":9}},"9":{"start":{"line":32,"column":8},"end":{"line":35,"column":32}},"10":{"start":{"line":35,"column":17},"end":{"line":35,"column":30}},"11":{"start":{"line":38,"column":8},"end":{"line":38,"column":27}},"12":{"start":{"line":43,"column":25},"end":{"line":43,"column":35}},"13":{"start":{"line":44,"column":23},"end":{"line":44,"column":33}},"14":{"start":{"line":45,"column":21},"end":{"line":45,"column":31}},"15":{"start":{"line":46,"column":4},"end":{"line":78,"column":6}},"16":{"start":{"line":51,"column":10},"end":{"line":60,"column":16}}},"fnMap":{"0":{"name":"(anonymous_0)","decl":{"start":{"line":5,"column":2},"end":{"line":5,"column":3}},"loc":{"start":{"line":5,"column":21},"end":{"line":12,"column":3}},"line":5},"1":{"name":"(anonymous_1)","decl":{"start":{"line":14,"column":2},"end":{"line":14,"column":3}},"loc":{"start":{"line":14,"column":22},"end":{"line":17,"column":3}},"line":14},"2":{"name":"(anonymous_2)","decl":{"start":{"line":19,"column":2},"end":{"line":19,"column":3}},"loc":{"start":{"line":19,"column":14},"end":{"line":27,"column":3}},"line":19},"3":{"name":"(anonymous_3)","decl":{"start":{"line":21,"column":12},"end":{"line":21,"column":13}},"loc":{"start":{"line":21,"column":26},"end":{"line":23,"column":7}},"line":21},"4":{"name":"(anonymous_4)","decl":{"start":{"line":22,"column":54},"end":{"line":22,"column":55}},"loc":{"start":{"line":22,"column":60},"end":{"line":22,"column":73}},"line":22},"5":{"name":"(anonymous_5)","decl":{"start":{"line":24,"column":13},"end":{"line":24,"column":14}},"loc":{"start":{"line":24,"column":24},"end":{"line":26,"column":7}},"line":24},"6":{"name":"(anonymous_6)","decl":{"start":{"line":29,"column":2},"end":{"line":29,"column":3}},"loc":{"start":{"line":29,"column":12},"end":{"line":40,"column":3}},"line":29},"7":{"name":"(anonymous_7)","decl":{"start":{"line":31,"column":12},"end":{"line":31,"column":13}},"loc":{"start":{"line":31,"column":26},"end":{"line":36,"column":7}},"line":31},"8":{"name":"(anonymous_8)","decl":{"start":{"line":35,"column":11},"end":{"line":35,"column":12}},"loc":{"start":{"line":35,"column":17},"end":{"line":35,"column":30}},"line":35},"9":{"name":"(anonymous_9)","decl":{"start":{"line":37,"column":13},"end":{"line":37,"column":14}},"loc":{"start":{"line":37,"column":24},"end":{"line":39,"column":7}},"line":37},"10":{"name":"(anonymous_10)","decl":{"start":{"line":42,"column":2},"end":{"line":42,"column":3}},"loc":{"start":{"line":42,"column":11},"end":{"line":79,"column":3}},"line":42},"11":{"name":"(anonymous_11)","decl":{"start":{"line":50,"column":20},"end":{"line":50,"column":21}},"loc":{"start":{"line":51,"column":10},"end":{"line":60,"column":16}},"line":51}},"branchMap":{},"s":{"0":1,"1":1,"2":1,"3":1,"4":1,"5":0,"6":0,"7":0,"8":1,"9":0,"10":0,"11":0,"12":1,"13":1,"14":1,"15":1,"16":0},"f":{"0":1,"1":1,"2":1,"3":0,"4":0,"5":0,"6":1,"7":0,"8":0,"9":0,"10":1,"11":0},"b":{},"_coverageSchema":"332fd63041d2c1bcb487cc26dd0d5f7d97098a6c","hash":"619df7bc56ef4c2788b54a20ae9bef2f4f74eb95"}
,"/Users/high-z/Desktop/HRR-33/goonies/client/source/components/presentational/SignUp.jsx": {"path":"/Users/high-z/Desktop/HRR-33/goonies/client/source/components/presentational/SignUp.jsx","statementMap":{"0":{"start":{"line":8,"column":4},"end":{"line":8,"column":17}},"1":{"start":{"line":9,"column":4},"end":{"line":14,"column":6}},"2":{"start":{"line":15,"column":4},"end":{"line":15,"column":53}},"3":{"start":{"line":16,"column":4},"end":{"line":16,"column":53}},"4":{"start":{"line":20,"column":4},"end":{"line":22,"column":7}},"5":{"start":{"line":26,"column":47},"end":{"line":26,"column":57}},"6":{"start":{"line":27,"column":21},"end":{"line":27,"column":55}},"7":{"start":{"line":28,"column":33},"end":{"line":28,"column":43}},"8":{"start":{"line":29,"column":4},"end":{"line":43,"column":9}},"9":{"start":{"line":31,"column":8},"end":{"line":39,"column":9}},"10":{"start":{"line":32,"column":10},"end":{"line":32,"column":83}},"11":{"start":{"line":35,"column":10},"end":{"line":35,"column":56}},"12":{"start":{"line":36,"column":10},"end":{"line":38,"column":13}},"13":{"start":{"line":42,"column":8},"end":{"line":42,"column":27}},"14":{"start":{"line":48,"column":37},"end":{"line":48,"column":47}},"15":{"start":{"line":50,"column":4},"end":{"line":52,"column":5}},"16":{"start":{"line":51,"column":6},"end":{"line":51,"column":45}},"17":{"start":{"line":53,"column":4},"end":{"line":72,"column":6}},"18":{"start":{"line":76,"column":0},"end":{"line":78,"column":2}}},"fnMap":{"0":{"name":"(anonymous_0)","decl":{"start":{"line":7,"column":2},"end":{"line":7,"column":3}},"loc":{"start":{"line":7,"column":21},"end":{"line":17,"column":3}},"line":7},"1":{"name":"(anonymous_1)","decl":{"start":{"line":19,"column":2},"end":{"line":19,"column":3}},"loc":{"start":{"line":19,"column":18},"end":{"line":23,"column":3}},"line":19},"2":{"name":"(anonymous_2)","decl":{"start":{"line":25,"column":2},"end":{"line":25,"column":3}},"loc":{"start":{"line":25,"column":17},"end":{"line":44,"column":3}},"line":25},"3":{"name":"(anonymous_3)","decl":{"start":{"line":30,"column":12},"end":{"line":30,"column":13}},"loc":{"start":{"line":30,"column":21},"end":{"line":40,"column":7}},"line":30},"4":{"name":"(anonymous_4)","decl":{"start":{"line":41,"column":13},"end":{"line":41,"column":14}},"loc":{"start":{"line":41,"column":24},"end":{"line":43,"column":7}},"line":41},"5":{"name":"(anonymous_5)","decl":{"start":{"line":46,"column":2},"end":{"line":46,"column":3}},"loc":{"start":{"line":46,"column":11},"end":{"line":73,"column":3}},"line":46}},"branchMap":{"0":{"loc":{"start":{"line":31,"column":8},"end":{"line":39,"column":9}},"type":"if","locations":[{"start":{"line":31,"column":8},"end":{"line":39,"column":9}},{"start":{"line":31,"column":8},"end":{"line":39,"column":9}}],"line":31},"1":{"loc":{"start":{"line":50,"column":4},"end":{"line":52,"column":5}},"type":"if","locations":[{"start":{"line":50,"column":4},"end":{"line":52,"column":5}},{"start":{"line":50,"column":4},"end":{"line":52,"column":5}}],"line":50}},"s":{"0":1,"1":1,"2":1,"3":1,"4":0,"5":0,"6":0,"7":0,"8":0,"9":0,"10":0,"11":0,"12":0,"13":0,"14":1,"15":1,"16":0,"17":1,"18":1},"f":{"0":1,"1":0,"2":0,"3":0,"4":0,"5":1},"b":{"0":[0,0],"1":[0,1]},"_coverageSchema":"332fd63041d2c1bcb487cc26dd0d5f7d97098a6c","hash":"26e25700ba315e8de058f3ddc24267b53dce678a"}
,"/Users/high-z/Desktop/HRR-33/goonies/client/source/components/presentational/Timer.jsx": {"path":"/Users/high-z/Desktop/HRR-33/goonies/client/source/components/presentational/Timer.jsx","statementMap":{"0":{"start":{"line":5,"column":4},"end":{"line":5,"column":17}},"1":{"start":{"line":6,"column":4},"end":{"line":10,"column":6}},"2":{"start":{"line":11,"column":4},"end":{"line":11,"column":21}},"3":{"start":{"line":12,"column":4},"end":{"line":12,"column":49}},"4":{"start":{"line":13,"column":4},"end":{"line":13,"column":47}},"5":{"start":{"line":14,"column":4},"end":{"line":14,"column":49}},"6":{"start":{"line":15,"column":4},"end":{"line":15,"column":47}},"7":{"start":{"line":16,"column":4},"end":{"line":16,"column":45}},"8":{"start":{"line":17,"column":4},"end":{"line":17,"column":49}},"9":{"start":{"line":21,"column":4},"end":{"line":23,"column":7}},"10":{"start":{"line":27,"column":4},"end":{"line":32,"column":10}},"11":{"start":{"line":27,"column":34},"end":{"line":31,"column":6}},"12":{"start":{"line":36,"column":4},"end":{"line":36,"column":29}},"13":{"start":{"line":40,"column":21},"end":{"line":40,"column":31}},"14":{"start":{"line":41,"column":4},"end":{"line":41,"column":24}},"15":{"start":{"line":42,"column":4},"end":{"line":45,"column":7}},"16":{"start":{"line":49,"column":40},"end":{"line":49,"column":50}},"17":{"start":{"line":50,"column":4},"end":{"line":52,"column":7}},"18":{"start":{"line":56,"column":32},"end":{"line":56,"column":42}},"19":{"start":{"line":57,"column":4},"end":{"line":57,"column":60}},"20":{"start":{"line":57,"column":45},"end":{"line":57,"column":58}},"21":{"start":{"line":61,"column":23},"end":{"line":61,"column":87}},"22":{"start":{"line":61,"column":31},"end":{"line":61,"column":86}},"23":{"start":{"line":62,"column":19},"end":{"line":62,"column":65}},"24":{"start":{"line":62,"column":29},"end":{"line":62,"column":64}},"25":{"start":{"line":63,"column":57},"end":{"line":63,"column":67}},"26":{"start":{"line":64,"column":4},"end":{"line":95,"column":6}},"27":{"start":{"line":83,"column":12},"end":{"line":92,"column":17}}},"fnMap":{"0":{"name":"(anonymous_0)","decl":{"start":{"line":4,"column":2},"end":{"line":4,"column":3}},"loc":{"start":{"line":4,"column":21},"end":{"line":18,"column":3}},"line":4},"1":{"name":"(anonymous_1)","decl":{"start":{"line":20,"column":2},"end":{"line":20,"column":3}},"loc":{"start":{"line":20,"column":14},"end":{"line":24,"column":3}},"line":20},"2":{"name":"(anonymous_2)","decl":{"start":{"line":26,"column":2},"end":{"line":26,"column":3}},"loc":{"start":{"line":26,"column":15},"end":{"line":33,"column":3}},"line":26},"3":{"name":"(anonymous_3)","decl":{"start":{"line":27,"column":28},"end":{"line":27,"column":29}},"loc":{"start":{"line":27,"column":34},"end":{"line":31,"column":6}},"line":27},"4":{"name":"(anonymous_4)","decl":{"start":{"line":35,"column":2},"end":{"line":35,"column":3}},"loc":{"start":{"line":35,"column":14},"end":{"line":37,"column":3}},"line":35},"5":{"name":"(anonymous_5)","decl":{"start":{"line":39,"column":2},"end":{"line":39,"column":3}},"loc":{"start":{"line":39,"column":15},"end":{"line":46,"column":3}},"line":39},"6":{"name":"(anonymous_6)","decl":{"start":{"line":48,"column":2},"end":{"line":48,"column":3}},"loc":{"start":{"line":48,"column":14},"end":{"line":53,"column":3}},"line":48},"7":{"name":"(anonymous_7)","decl":{"start":{"line":55,"column":2},"end":{"line":55,"column":3}},"loc":{"start":{"line":55,"column":15},"end":{"line":58,"column":3}},"line":55},"8":{"name":"(anonymous_8)","decl":{"start":{"line":57,"column":39},"end":{"line":57,"column":40}},"loc":{"start":{"line":57,"column":45},"end":{"line":57,"column":58}},"line":57},"9":{"name":"(anonymous_9)","decl":{"start":{"line":60,"column":2},"end":{"line":60,"column":3}},"loc":{"start":{"line":60,"column":11},"end":{"line":96,"column":3}},"line":60},"10":{"name":"(anonymous_10)","decl":{"start":{"line":61,"column":23},"end":{"line":61,"column":24}},"loc":{"start":{"line":61,"column":31},"end":{"line":61,"column":86}},"line":61},"11":{"name":"(anonymous_11)","decl":{"start":{"line":62,"column":19},"end":{"line":62,"column":20}},"loc":{"start":{"line":62,"column":29},"end":{"line":62,"column":64}},"line":62},"12":{"name":"(anonymous_12)","decl":{"start":{"line":82,"column":26},"end":{"line":82,"column":27}},"loc":{"start":{"line":83,"column":12},"end":{"line":92,"column":17}},"line":83}},"branchMap":{},"s":{"0":1,"1":1,"2":1,"3":1,"4":1,"5":1,"6":1,"7":1,"8":1,"9":0,"10":0,"11":0,"12":0,"13":0,"14":0,"15":0,"16":0,"17":0,"18":0,"19":0,"20":0,"21":1,"22":1,"23":1,"24":4,"25":1,"26":1,"27":0},"f":{"0":1,"1":0,"2":0,"3":0,"4":0,"5":0,"6":0,"7":0,"8":0,"9":1,"10":1,"11":4,"12":0},"b":{},"_coverageSchema":"332fd63041d2c1bcb487cc26dd0d5f7d97098a6c","hash":"348b260dcbac559c57d4612727be29bb457559da"}
,"/Users/high-z/Desktop/HRR-33/goonies/client/source/components/presentational/UserProfile.jsx": {"path":"/Users/high-z/Desktop/HRR-33/goonies/client/source/components/presentational/UserProfile.jsx","statementMap":{"0":{"start":{"line":6,"column":4},"end":{"line":6,"column":17}},"1":{"start":{"line":8,"column":37},"end":{"line":8,"column":45}},"2":{"start":{"line":10,"column":4},"end":{"line":17,"column":6}},"3":{"start":{"line":18,"column":4},"end":{"line":18,"column":57}},"4":{"start":{"line":19,"column":4},"end":{"line":19,"column":69}},"5":{"start":{"line":23,"column":4},"end":{"line":25,"column":7}},"6":{"start":{"line":29,"column":38},"end":{"line":29,"column":48}},"7":{"start":{"line":30,"column":4},"end":{"line":36,"column":9}},"8":{"start":{"line":32,"column":8},"end":{"line":32,"column":37}},"9":{"start":{"line":35,"column":8},"end":{"line":35,"column":19}},"10":{"start":{"line":40,"column":4},"end":{"line":49,"column":5}},"11":{"start":{"line":41,"column":6},"end":{"line":43,"column":7}},"12":{"start":{"line":42,"column":8},"end":{"line":42,"column":33}},"13":{"start":{"line":45,"column":6},"end":{"line":47,"column":9}},"14":{"start":{"line":48,"column":6},"end":{"line":48,"column":28}},"15":{"start":{"line":55,"column":8},"end":{"line":55,"column":18}},"16":{"start":{"line":56,"column":4},"end":{"line":68,"column":5}},"17":{"start":{"line":57,"column":6},"end":{"line":57,"column":93}},"18":{"start":{"line":58,"column":11},"end":{"line":68,"column":5}},"19":{"start":{"line":59,"column":6},"end":{"line":59,"column":87}},"20":{"start":{"line":61,"column":6},"end":{"line":67,"column":11}},"21":{"start":{"line":63,"column":10},"end":{"line":63,"column":34}},"22":{"start":{"line":66,"column":10},"end":{"line":66,"column":56}},"23":{"start":{"line":72,"column":52},"end":{"line":72,"column":62}},"24":{"start":{"line":73,"column":4},"end":{"line":102,"column":6}}},"fnMap":{"0":{"name":"(anonymous_0)","decl":{"start":{"line":5,"column":2},"end":{"line":5,"column":3}},"loc":{"start":{"line":5,"column":35},"end":{"line":20,"column":3}},"line":5},"1":{"name":"(anonymous_1)","decl":{"start":{"line":22,"column":2},"end":{"line":22,"column":3}},"loc":{"start":{"line":22,"column":20},"end":{"line":26,"column":3}},"line":22},"2":{"name":"(anonymous_2)","decl":{"start":{"line":28,"column":2},"end":{"line":28,"column":3}},"loc":{"start":{"line":28,"column":19},"end":{"line":37,"column":3}},"line":28},"3":{"name":"(anonymous_3)","decl":{"start":{"line":31,"column":12},"end":{"line":31,"column":13}},"loc":{"start":{"line":31,"column":18},"end":{"line":33,"column":7}},"line":31},"4":{"name":"(anonymous_4)","decl":{"start":{"line":34,"column":13},"end":{"line":34,"column":14}},"loc":{"start":{"line":34,"column":22},"end":{"line":36,"column":7}},"line":34},"5":{"name":"(anonymous_5)","decl":{"start":{"line":39,"column":2},"end":{"line":39,"column":3}},"loc":{"start":{"line":39,"column":26},"end":{"line":50,"column":3}},"line":39},"6":{"name":"(anonymous_6)","decl":{"start":{"line":52,"column":2},"end":{"line":52,"column":3}},"loc":{"start":{"line":52,"column":25},"end":{"line":69,"column":3}},"line":52},"7":{"name":"(anonymous_7)","decl":{"start":{"line":62,"column":14},"end":{"line":62,"column":15}},"loc":{"start":{"line":62,"column":23},"end":{"line":64,"column":9}},"line":62},"8":{"name":"(anonymous_8)","decl":{"start":{"line":65,"column":15},"end":{"line":65,"column":16}},"loc":{"start":{"line":65,"column":24},"end":{"line":67,"column":9}},"line":65},"9":{"name":"(anonymous_9)","decl":{"start":{"line":71,"column":2},"end":{"line":71,"column":3}},"loc":{"start":{"line":71,"column":11},"end":{"line":103,"column":3}},"line":71}},"branchMap":{"0":{"loc":{"start":{"line":40,"column":4},"end":{"line":49,"column":5}},"type":"if","locations":[{"start":{"line":40,"column":4},"end":{"line":49,"column":5}},{"start":{"line":40,"column":4},"end":{"line":49,"column":5}}],"line":40},"1":{"loc":{"start":{"line":41,"column":6},"end":{"line":43,"column":7}},"type":"if","locations":[{"start":{"line":41,"column":6},"end":{"line":43,"column":7}},{"start":{"line":41,"column":6},"end":{"line":43,"column":7}}],"line":41},"2":{"loc":{"start":{"line":56,"column":4},"end":{"line":68,"column":5}},"type":"if","locations":[{"start":{"line":56,"column":4},"end":{"line":68,"column":5}},{"start":{"line":56,"column":4},"end":{"line":68,"column":5}}],"line":56},"3":{"loc":{"start":{"line":58,"column":11},"end":{"line":68,"column":5}},"type":"if","locations":[{"start":{"line":58,"column":11},"end":{"line":68,"column":5}},{"start":{"line":58,"column":11},"end":{"line":68,"column":5}}],"line":58}},"s":{"0":1,"1":1,"2":0,"3":0,"4":0,"5":0,"6":0,"7":0,"8":0,"9":0,"10":0,"11":0,"12":0,"13":0,"14":0,"15":0,"16":0,"17":0,"18":0,"19":0,"20":0,"21":0,"22":0,"23":0,"24":0},"f":{"0":1,"1":0,"2":0,"3":0,"4":0,"5":0,"6":0,"7":0,"8":0,"9":0},"b":{"0":[0,0],"1":[0,0],"2":[0,0],"3":[0,0]},"_coverageSchema":"332fd63041d2c1bcb487cc26dd0d5f7d97098a6c","hash":"51e3ec59749bc6fe6b79f95280fd7cab4c031b3d"}
,"/Users/high-z/Desktop/HRR-33/goonies/client/source/components/presentational/Weather.jsx": {"path":"/Users/high-z/Desktop/HRR-33/goonies/client/source/components/presentational/Weather.jsx","statementMap":{"0":{"start":{"line":7,"column":4},"end":{"line":7,"column":17}},"1":{"start":{"line":8,"column":4},"end":{"line":16,"column":6}},"2":{"start":{"line":20,"column":4},"end":{"line":20,"column":33}},"3":{"start":{"line":21,"column":4},"end":{"line":21,"column":29}},"4":{"start":{"line":25,"column":4},"end":{"line":39,"column":9}},"5":{"start":{"line":27,"column":8},"end":{"line":34,"column":11}},"6":{"start":{"line":37,"column":8},"end":{"line":37,"column":27}},"7":{"start":{"line":38,"column":8},"end":{"line":38,"column":51}},"8":{"start":{"line":44,"column":4},"end":{"line":53,"column":9}},"9":{"start":{"line":46,"column":8},"end":{"line":48,"column":11}},"10":{"start":{"line":51,"column":8},"end":{"line":51,"column":27}},"11":{"start":{"line":52,"column":8},"end":{"line":52,"column":51}},"12":{"start":{"line":65,"column":8},"end":{"line":65,"column":18}},"13":{"start":{"line":66,"column":4},"end":{"line":103,"column":6}}},"fnMap":{"0":{"name":"(anonymous_0)","decl":{"start":{"line":6,"column":2},"end":{"line":6,"column":3}},"loc":{"start":{"line":6,"column":21},"end":{"line":17,"column":3}},"line":6},"1":{"name":"(anonymous_1)","decl":{"start":{"line":19,"column":2},"end":{"line":19,"column":3}},"loc":{"start":{"line":19,"column":22},"end":{"line":22,"column":3}},"line":19},"2":{"name":"(anonymous_2)","decl":{"start":{"line":24,"column":2},"end":{"line":24,"column":3}},"loc":{"start":{"line":24,"column":26},"end":{"line":40,"column":3}},"line":24},"3":{"name":"(anonymous_3)","decl":{"start":{"line":26,"column":12},"end":{"line":26,"column":13}},"loc":{"start":{"line":26,"column":26},"end":{"line":35,"column":7}},"line":26},"4":{"name":"(anonymous_4)","decl":{"start":{"line":36,"column":13},"end":{"line":36,"column":14}},"loc":{"start":{"line":36,"column":24},"end":{"line":39,"column":7}},"line":36},"5":{"name":"(anonymous_5)","decl":{"start":{"line":43,"column":2},"end":{"line":43,"column":3}},"loc":{"start":{"line":43,"column":22},"end":{"line":54,"column":3}},"line":43},"6":{"name":"(anonymous_6)","decl":{"start":{"line":45,"column":12},"end":{"line":45,"column":13}},"loc":{"start":{"line":45,"column":26},"end":{"line":49,"column":7}},"line":45},"7":{"name":"(anonymous_7)","decl":{"start":{"line":50,"column":13},"end":{"line":50,"column":14}},"loc":{"start":{"line":50,"column":24},"end":{"line":53,"column":7}},"line":50},"8":{"name":"(anonymous_8)","decl":{"start":{"line":56,"column":2},"end":{"line":56,"column":3}},"loc":{"start":{"line":56,"column":11},"end":{"line":104,"column":3}},"line":56}},"branchMap":{},"s":{"0":1,"1":1,"2":1,"3":1,"4":1,"5":0,"6":0,"7":0,"8":1,"9":0,"10":0,"11":0,"12":1,"13":1},"f":{"0":1,"1":1,"2":1,"3":0,"4":0,"5":1,"6":0,"7":0,"8":1},"b":{},"_coverageSchema":"332fd63041d2c1bcb487cc26dd0d5f7d97098a6c","hash":"38534b327c30c67c284394ba3bb36806f66c90af"}
,"/Users/high-z/Desktop/HRR-33/goonies/client/source/components/presentational/renderMap.jsx": {"path":"/Users/high-z/Desktop/HRR-33/goonies/client/source/components/presentational/renderMap.jsx","statementMap":{"0":{"start":{"line":9,"column":15},"end":{"line":9,"column":22}},"1":{"start":{"line":15,"column":4},"end":{"line":15,"column":17}},"2":{"start":{"line":16,"column":4},"end":{"line":19,"column":6}},"3":{"start":{"line":21,"column":4},"end":{"line":21,"column":55}},"4":{"start":{"line":25,"column":4},"end":{"line":28,"column":7}},"5":{"start":{"line":32,"column":18},"end":{"line":38,"column":5}},"6":{"start":{"line":39,"column":23},"end":{"line":39,"column":33}},"7":{"start":{"line":40,"column":4},"end":{"line":40,"column":24}},"8":{"start":{"line":41,"column":4},"end":{"line":59,"column":6}},"9":{"start":{"line":63,"column":0},"end":{"line":67,"column":2}}},"fnMap":{"0":{"name":"(anonymous_0)","decl":{"start":{"line":14,"column":2},"end":{"line":14,"column":3}},"loc":{"start":{"line":14,"column":21},"end":{"line":22,"column":3}},"line":14},"1":{"name":"(anonymous_1)","decl":{"start":{"line":24,"column":2},"end":{"line":24,"column":3}},"loc":{"start":{"line":24,"column":18},"end":{"line":29,"column":3}},"line":24},"2":{"name":"(anonymous_2)","decl":{"start":{"line":31,"column":2},"end":{"line":31,"column":3}},"loc":{"start":{"line":31,"column":11},"end":{"line":60,"column":3}},"line":31}},"branchMap":{},"s":{"0":2,"1":0,"2":0,"3":0,"4":0,"5":0,"6":0,"7":0,"8":0,"9":2},"f":{"0":0,"1":0,"2":0},"b":{},"_coverageSchema":"332fd63041d2c1bcb487cc26dd0d5f7d97098a6c","hash":"9f1d427b210973746a5bd2f1b799979bb1e9b277"}
}
