TN:
SF:/Users/high-z/Desktop/HRR-33/goonies/myapikey.js
FNF:0
FNH:0
DA:1,2
LF:1
LH:1
BRF:0
BRH:0
end_of_record
TN:
SF:/Users/high-z/Desktop/HRR-33/goonies/client/source/components/presentational/ForecastForm.jsx
FN:6,(anonymous_0)
FN:21,(anonymous_1)
FN:30,(anonymous_2)
FN:50,(anonymous_3)
FN:69,(anonymous_4)
FN:89,(anonymous_5)
FNF:6
FNH:2
FNDA:2,(anonymous_0)
FNDA:0,(anonymous_1)
FNDA:0,(anonymous_2)
FNDA:0,(anonymous_3)
FNDA:0,(anonymous_4)
FNDA:2,(anonymous_5)
DA:7,2
DA:8,2
DA:22,0
DA:23,0
DA:24,0
DA:25,0
DA:26,0
DA:31,0
DA:33,0
DA:34,0
DA:35,0
DA:36,0
DA:37,0
DA:38,0
DA:39,0
DA:40,0
DA:43,0
DA:51,0
DA:52,0
DA:53,0
DA:54,0
DA:55,0
DA:56,0
DA:57,0
DA:58,0
DA:59,0
DA:62,0
DA:70,0
DA:71,0
DA:72,0
DA:73,0
DA:74,0
DA:75,0
DA:76,0
DA:77,0
DA:78,0
DA:81,0
DA:100,2
DA:101,2
DA:165,2
LF:40
LH:5
BRDA:23,0,0,0
BRDA:23,0,1,0
BRDA:37,1,0,0
BRDA:37,1,1,0
BRDA:39,2,0,0
BRDA:39,2,1,0
BRDA:56,3,0,0
BRDA:56,3,1,0
BRDA:58,4,0,0
BRDA:58,4,1,0
BRDA:75,5,0,0
BRDA:75,5,1,0
BRDA:77,6,0,0
BRDA:77,6,1,0
BRF:14
BRH:0
end_of_record
TN:
SF:/Users/high-z/Desktop/HRR-33/goonies/client/source/components/presentational/Login.jsx
FN:8,(anonymous_0)
FN:21,(anonymous_1)
FN:27,(anonymous_2)
FN:35,(anonymous_3)
FN:46,(anonymous_4)
FN:51,(anonymous_5)
FN:59,(anonymous_6)
FNF:7
FNH:2
FNDA:1,(anonymous_0)
FNDA:0,(anonymous_1)
FNDA:0,(anonymous_2)
FNDA:0,(anonymous_3)
FNDA:0,(anonymous_4)
FNDA:0,(anonymous_5)
FNDA:1,(anonymous_6)
DA:9,1
DA:10,1
DA:16,1
DA:17,1
DA:18,1
DA:22,0
DA:28,0
DA:29,0
DA:30,0
DA:32,0
DA:36,0
DA:37,0
DA:40,0
DA:41,0
DA:47,0
DA:52,0
DA:53,0
DA:61,1
DA:63,1
DA:64,0
DA:66,1
DA:67,0
DA:69,1
DA:89,1
LF:24
LH:10
BRDA:36,0,0,0
BRDA:36,0,1,0
BRDA:63,1,0,0
BRDA:63,1,1,1
BRDA:66,2,0,0
BRDA:66,2,1,1
BRF:6
BRH:2
end_of_record
TN:
SF:/Users/high-z/Desktop/HRR-33/goonies/client/source/components/presentational/MapYourRoute.jsx
FN:4,(anonymous_0)
FNF:1
FNH:1
FNDA:1,(anonymous_0)
DA:4,1
DA:5,1
LF:2
LH:2
BRF:0
BRH:0
end_of_record
TN:
SF:/Users/high-z/Desktop/HRR-33/goonies/client/source/components/presentational/ParkInfo.jsx
FN:5,(anonymous_0)
FN:14,(anonymous_1)
FN:19,(anonymous_2)
FN:21,(anonymous_3)
FN:22,(anonymous_4)
FN:24,(anonymous_5)
FN:29,(anonymous_6)
FN:31,(anonymous_7)
FN:35,(anonymous_8)
FN:37,(anonymous_9)
FN:42,(anonymous_10)
FN:50,(anonymous_11)
FNF:12
FNH:5
FNDA:1,(anonymous_0)
FNDA:1,(anonymous_1)
FNDA:1,(anonymous_2)
FNDA:0,(anonymous_3)
FNDA:0,(anonymous_4)
FNDA:0,(anonymous_5)
FNDA:1,(anonymous_6)
FNDA:0,(anonymous_7)
FNDA:0,(anonymous_8)
FNDA:0,(anonymous_9)
FNDA:1,(anonymous_10)
FNDA:0,(anonymous_11)
DA:6,1
DA:7,1
DA:15,1
DA:16,1
DA:20,1
DA:22,0
DA:25,0
DA:30,1
DA:32,0
DA:35,0
DA:38,0
DA:43,1
DA:44,1
DA:45,1
DA:46,1
DA:51,0
LF:16
LH:10
BRF:0
BRH:0
end_of_record
TN:
SF:/Users/high-z/Desktop/HRR-33/goonies/client/source/components/presentational/SignUp.jsx
FN:7,(anonymous_0)
FN:19,(anonymous_1)
FN:25,(anonymous_2)
FN:30,(anonymous_3)
FN:41,(anonymous_4)
FN:46,(anonymous_5)
FNF:6
FNH:2
FNDA:1,(anonymous_0)
FNDA:0,(anonymous_1)
FNDA:0,(anonymous_2)
FNDA:0,(anonymous_3)
FNDA:0,(anonymous_4)
FNDA:1,(anonymous_5)
DA:8,1
DA:9,1
DA:15,1
DA:16,1
DA:20,0
DA:26,0
DA:27,0
DA:28,0
DA:29,0
DA:31,0
DA:32,0
DA:35,0
DA:36,0
DA:42,0
DA:48,1
DA:50,1
DA:51,0
DA:53,1
DA:76,1
LF:19
LH:8
BRDA:31,0,0,0
BRDA:31,0,1,0
BRDA:50,1,0,0
BRDA:50,1,1,1
BRF:4
BRH:1
end_of_record
TN:
SF:/Users/high-z/Desktop/HRR-33/goonies/client/source/components/presentational/Timer.jsx
FN:4,(anonymous_0)
FN:20,(anonymous_1)
FN:26,(anonymous_2)
FN:27,(anonymous_3)
FN:35,(anonymous_4)
FN:39,(anonymous_5)
FN:48,(anonymous_6)
FN:55,(anonymous_7)
FN:57,(anonymous_8)
FN:60,(anonymous_9)
FN:61,(anonymous_10)
FN:62,(anonymous_11)
FN:82,(anonymous_12)
FNF:13
FNH:4
FNDA:1,(anonymous_0)
FNDA:0,(anonymous_1)
FNDA:0,(anonymous_2)
FNDA:0,(anonymous_3)
FNDA:0,(anonymous_4)
FNDA:0,(anonymous_5)
FNDA:0,(anonymous_6)
FNDA:0,(anonymous_7)
FNDA:0,(anonymous_8)
FNDA:1,(anonymous_9)
FNDA:1,(anonymous_10)
FNDA:4,(anonymous_11)
FNDA:0,(anonymous_12)
DA:5,1
DA:6,1
DA:11,1
DA:12,1
DA:13,1
DA:14,1
DA:15,1
DA:16,1
DA:17,1
DA:21,0
DA:27,0
DA:36,0
DA:40,0
DA:41,0
DA:42,0
DA:49,0
DA:50,0
DA:56,0
DA:57,0
DA:61,1
DA:62,4
DA:63,1
DA:64,1
DA:83,0
LF:24
LH:13
BRF:0
BRH:0
end_of_record
TN:
SF:/Users/high-z/Desktop/HRR-33/goonies/client/source/components/presentational/UserProfile.jsx
FN:5,(anonymous_0)
FN:22,(anonymous_1)
FN:28,(anonymous_2)
FN:31,(anonymous_3)
FN:34,(anonymous_4)
FN:39,(anonymous_5)
FN:52,(anonymous_6)
FN:62,(anonymous_7)
FN:65,(anonymous_8)
FN:71,(anonymous_9)
FNF:10
FNH:1
FNDA:1,(anonymous_0)
FNDA:0,(anonymous_1)
FNDA:0,(anonymous_2)
FNDA:0,(anonymous_3)
FNDA:0,(anonymous_4)
FNDA:0,(anonymous_5)
FNDA:0,(anonymous_6)
FNDA:0,(anonymous_7)
FNDA:0,(anonymous_8)
FNDA:0,(anonymous_9)
DA:6,1
DA:8,1
DA:10,0
DA:18,0
DA:19,0
DA:23,0
DA:29,0
DA:30,0
DA:32,0
DA:35,0
DA:40,0
DA:41,0
DA:42,0
DA:45,0
DA:48,0
DA:55,0
DA:56,0
DA:57,0
DA:58,0
DA:59,0
DA:61,0
DA:63,0
DA:66,0
DA:72,0
DA:73,0
LF:25
LH:2
BRDA:40,0,0,0
BRDA:40,0,1,0
BRDA:41,1,0,0
BRDA:41,1,1,0
BRDA:56,2,0,0
BRDA:56,2,1,0
BRDA:58,3,0,0
BRDA:58,3,1,0
BRF:8
BRH:0
end_of_record
TN:
SF:/Users/high-z/Desktop/HRR-33/goonies/client/source/components/presentational/Weather.jsx
FN:6,(anonymous_0)
FN:19,(anonymous_1)
FN:24,(anonymous_2)
FN:26,(anonymous_3)
FN:36,(anonymous_4)
FN:43,(anonymous_5)
FN:45,(anonymous_6)
FN:50,(anonymous_7)
FN:56,(anonymous_8)
FNF:9
FNH:5
FNDA:1,(anonymous_0)
FNDA:1,(anonymous_1)
FNDA:1,(anonymous_2)
FNDA:0,(anonymous_3)
FNDA:0,(anonymous_4)
FNDA:1,(anonymous_5)
FNDA:0,(anonymous_6)
FNDA:0,(anonymous_7)
FNDA:1,(anonymous_8)
DA:7,1
DA:8,1
DA:20,1
DA:21,1
DA:25,1
DA:27,0
DA:37,0
DA:38,0
DA:44,1
DA:46,0
DA:51,0
DA:52,0
DA:65,1
DA:66,1
LF:14
LH:8
BRF:0
BRH:0
end_of_record
TN:
SF:/Users/high-z/Desktop/HRR-33/goonies/client/source/components/presentational/renderMap.jsx
FN:14,(anonymous_0)
FN:24,(anonymous_1)
FN:31,(anonymous_2)
FNF:3
FNH:0
FNDA:0,(anonymous_0)
FNDA:0,(anonymous_1)
FNDA:0,(anonymous_2)
DA:9,2
DA:15,0
DA:16,0
DA:21,0
DA:25,0
DA:32,0
DA:39,0
DA:40,0
DA:41,0
DA:63,2
LF:10
LH:2
BRF:0
BRH:0
end_of_record
